<?xml version="1.0" encoding="UTF-8"?>
<!-- Generated by org.testng.reporters.JUnitXMLReporter -->
<testsuite ignored="0" hostname="6KPDQ13-PC" failures="0" tests="32" name="Free CRM App Test Cases" time="585.402" errors="0" timestamp="04 Dec 2020 17:16:02 GMT">
  <testcase classname="com.test.freecrm.qa.testcases.LoginPageTestCases" name="TitleTest" time="0.01"/>
  <testcase classname="com.test.freecrm.qa.testcases.HomePageTestCases" name="validateTitleTest" time="0.006"/>
  <testcase classname="com.test.freecrm.qa.testcases.ContactPageTestCases" name="contactsLabelDisplayed" time="0.022"/>
  <testcase classname="com.test.freecrm.qa.testcases.LoginPageTestCases" name="notificationIconIsDisplayedTest" time="0.022"/>
  <testcase classname="com.test.freecrm.qa.testcases.HomePageTestCases" name="validateUserProfileTest" time="1.884"/>
  <testcase classname="com.test.freecrm.qa.testcases.ContactPageTestCases" name="selectCheckBoxTest" time="0.978"/>
  <testcase classname="com.test.freecrm.qa.testcases.LoginPageTestCases" name="forgotPasswordTest" time="1.409"/>
  <testcase classname="com.test.freecrm.qa.testcases.HomePageTestCases" name="calendarClickTest" time="1.506"/>
  <testcase classname="com.test.freecrm.qa.testcases.HomePageTestCases" name="contactClickTest" time="1.339"/>
  <testcase classname="com.test.freecrm.qa.testcases.ContactPageTestCases" name="selectCheckBoxTest2" time="1.496"/>
  <testcase classname="com.test.freecrm.qa.testcases.LoginPageTestCases" name="classicCRMTest" time="6.509"/>
  <testcase classname="com.test.freecrm.qa.testcases.HomePageTestCases" name="companiesClickTest" time="1.327"/>
  <testcase classname="com.test.freecrm.qa.testcases.ContactPageTestCases" name="selectMultipleCheckBoxTest" time="1.107"/>
  <testcase classname="com.test.freecrm.qa.testcases.LoginPageTestCases" name="signUpTest" time="3.046"/>
  <testcase classname="com.test.freecrm.qa.testcases.HomePageTestCases" name="TaskClickTest" time="1.335"/>
  <testcase classname="com.test.freecrm.qa.testcases.HomePageTestCases" name="dealClickTest" time="1.517"/>
  <testcase classname="com.test.freecrm.qa.testcases.ContactPageTestCases" name="clickCreateNewContact" time="4.217"/>
  <testcase classname="com.test.freecrm.qa.testcases.LoginPageTestCases" name="loginTest" time="0.248"/>
  <testcase classname="com.test.freecrm.qa.testcases.HomePageTestCases" name="caseClickTest" time="1.356"/>
  <testcase classname="com.test.freecrm.qa.testcases.ContactPageTestCases" name="createSingleContactTest" time="9.294"/>
  <testcase classname="com.test.freecrm.qa.testcases.HomePageTestCases" name="callsClickTest" time="1.288"/>
  <testcase classname="com.test.freecrm.qa.testcases.ContactPageTestCases" name="createMultipleNewUser" time="10.077"/>
  <testcase classname="com.test.freecrm.qa.testcases.ContactPageTestCases" name="createMultipleNewUser" time="9.167"/>
  <testcase classname="com.test.freecrm.qa.testcases.ContactPageTestCases" name="createMultipleNewUser" time="8.904"/>
  <testcase classname="com.test.freecrm.qa.testcases.HomePageTestCases" name="documentsClickTest" time="1.356"/>
  <testcase classname="com.test.freecrm.qa.testcases.ContactPageTestCases" name="deleteMultipleContactTest" time="13.006"/>
  <testcase classname="com.test.freecrm.qa.testcases.ContactPageTestCases" name="deleteMultipleContactTest" time="13.05"/>
  <testcase classname="com.test.freecrm.qa.testcases.ContactPageTestCases" name="deleteMultipleContactTest" time="13.094"/>
  <testcase classname="com.test.freecrm.qa.testcases.HomePageTestCases" name="EmailClickTest" time="1.349"/>
  <testcase classname="com.test.freecrm.qa.testcases.ContactPageTestCases" name="deleteSingleContact" time="13.549"/>
  <testcase classname="com.test.freecrm.qa.testcases.HomePageTestCases" name="CampaingsClickTest" time="1.455"/>
  <testcase classname="com.test.freecrm.qa.testcases.HomePageTestCases" name="FormsClickTest" time="1.39"/>
</testsuite> <!-- Free CRM App Test Cases -->
