<?xml version="1.0" encoding="UTF-8"?>
<!-- Generated by org.testng.reporters.JUnitXMLReporter -->
<testsuite ignored="0" hostname="6KPDQ13-PC" failures="0" tests="2" name="Free CRM App Test Cases" time="25.852" errors="0" timestamp="06 Dec 2020 15:21:14 GMT">
  <testcase classname="com.test.freecrm.qa.testcases.LoginPageTestCases" name="TitleTest" time="0.011"/>
  <testcase classname="com.test.freecrm.qa.testcases.LoginPageTestCases" name="notificationIconIsDisplayedTest" time="0.071"/>
</testsuite> <!-- Free CRM App Test Cases -->
