<?xml version="1.0" encoding="UTF-8"?>
<testng-results ignored="0" total="2" passed="2" failed="0" skipped="0">
  <reporter-output>
  </reporter-output>
  <suite started-at="2020-12-06T15:20:48Z" name="FREE CRM Application Login Page Test Automation Test Suite" finished-at="2020-12-06T15:21:14Z" duration-ms="25852">
    <groups>
    </groups>
    <test started-at="2020-12-06T15:20:48Z" name="Free CRM App Test Cases" finished-at="2020-12-06T15:21:14Z" duration-ms="25852">
      <class name="com.test.freecrm.qa.testcases.LoginPageTestCases">
        <test-method is-config="true" signature="setup()[pri:0, instance:com.test.freecrm.qa.testcases.LoginPageTestCases@768b970c]" started-at="2020-12-06T20:50:48Z" name="setup" finished-at="2020-12-06T20:51:01Z" duration-ms="12842" status="PASS">
          <reporter-output>
          </reporter-output>
        </test-method> <!-- setup -->
        <test-method signature="TitleTest()[pri:1, instance:com.test.freecrm.qa.testcases.LoginPageTestCases@768b970c]" started-at="2020-12-06T20:51:01Z" name="TitleTest" finished-at="2020-12-06T20:51:01Z" duration-ms="11" status="PASS">
          <reporter-output>
          </reporter-output>
        </test-method> <!-- TitleTest -->
        <test-method is-config="true" signature="tearDown()[pri:0, instance:com.test.freecrm.qa.testcases.LoginPageTestCases@768b970c]" started-at="2020-12-06T20:51:01Z" name="tearDown" finished-at="2020-12-06T20:51:01Z" duration-ms="667" status="PASS">
          <reporter-output>
          </reporter-output>
        </test-method> <!-- tearDown -->
        <test-method is-config="true" signature="setup()[pri:0, instance:com.test.freecrm.qa.testcases.LoginPageTestCases@768b970c]" started-at="2020-12-06T20:51:01Z" name="setup" finished-at="2020-12-06T20:51:13Z" duration-ms="11590" status="PASS">
          <reporter-output>
          </reporter-output>
        </test-method> <!-- setup -->
        <test-method signature="notificationIconIsDisplayedTest()[pri:2, instance:com.test.freecrm.qa.testcases.LoginPageTestCases@768b970c]" started-at="2020-12-06T20:51:13Z" name="notificationIconIsDisplayedTest" finished-at="2020-12-06T20:51:13Z" duration-ms="71" status="PASS">
          <reporter-output>
          </reporter-output>
        </test-method> <!-- notificationIconIsDisplayedTest -->
        <test-method is-config="true" signature="tearDown()[pri:0, instance:com.test.freecrm.qa.testcases.LoginPageTestCases@768b970c]" started-at="2020-12-06T20:51:13Z" name="tearDown" finished-at="2020-12-06T20:51:14Z" duration-ms="654" status="PASS">
          <reporter-output>
          </reporter-output>
        </test-method> <!-- tearDown -->
      </class> <!-- com.test.freecrm.qa.testcases.LoginPageTestCases -->
    </test> <!-- Free CRM App Test Cases -->
  </suite> <!-- FREE CRM Application Login Page Test Automation Test Suite -->
</testng-results>
