<?xml version="1.0" encoding="UTF-8"?>
<testng-results ignored="0" total="33" passed="32" failed="0" skipped="1">
  <reporter-output>
  </reporter-output>
  <suite started-at="2020-12-06T09:44:57Z" name="FREE CRM Application Test Automation Test Suite" finished-at="2020-12-06T09:56:19Z" duration-ms="681269">
    <groups>
    </groups>
    <test started-at="2020-12-06T09:44:57Z" name="Free CRM App Test Cases" finished-at="2020-12-06T09:56:19Z" duration-ms="681269">
      <class name="com.test.freecrm.qa.testcases.LoginPageTestCases">
        <test-method is-config="true" signature="setup()[pri:0, instance:com.test.freecrm.qa.testcases.LoginPageTestCases@3d8314f0]" started-at="2020-12-06T15:14:57Z" name="setup" finished-at="2020-12-06T15:15:13Z" duration-ms="15566" status="PASS">
          <reporter-output>
          </reporter-output>
        </test-method> <!-- setup -->
        <test-method signature="TitleTest()[pri:1, instance:com.test.freecrm.qa.testcases.LoginPageTestCases@3d8314f0]" started-at="2020-12-06T15:15:13Z" name="TitleTest" finished-at="2020-12-06T15:15:13Z" duration-ms="11" status="PASS">
          <reporter-output>
          </reporter-output>
        </test-method> <!-- TitleTest -->
        <test-method is-config="true" signature="tearDown()[pri:0, instance:com.test.freecrm.qa.testcases.LoginPageTestCases@3d8314f0]" started-at="2020-12-06T15:15:13Z" name="tearDown" finished-at="2020-12-06T15:15:14Z" duration-ms="1157" status="PASS">
          <reporter-output>
          </reporter-output>
        </test-method> <!-- tearDown -->
        <test-method is-config="true" signature="setup()[pri:0, instance:com.test.freecrm.qa.testcases.LoginPageTestCases@3d8314f0]" started-at="2020-12-06T15:15:54Z" name="setup" finished-at="2020-12-06T15:16:09Z" duration-ms="15341" status="PASS">
          <reporter-output>
          </reporter-output>
        </test-method> <!-- setup -->
        <test-method signature="notificationIconIsDisplayedTest()[pri:2, instance:com.test.freecrm.qa.testcases.LoginPageTestCases@3d8314f0]" started-at="2020-12-06T15:16:09Z" name="notificationIconIsDisplayedTest" finished-at="2020-12-06T15:16:09Z" duration-ms="44" status="PASS">
          <reporter-output>
          </reporter-output>
        </test-method> <!-- notificationIconIsDisplayedTest -->
        <test-method is-config="true" signature="tearDown()[pri:0, instance:com.test.freecrm.qa.testcases.LoginPageTestCases@3d8314f0]" started-at="2020-12-06T15:16:09Z" name="tearDown" finished-at="2020-12-06T15:16:10Z" duration-ms="782" status="PASS">
          <reporter-output>
          </reporter-output>
        </test-method> <!-- tearDown -->
        <test-method is-config="true" signature="setup()[pri:0, instance:com.test.freecrm.qa.testcases.LoginPageTestCases@3d8314f0]" started-at="2020-12-06T15:16:47Z" name="setup" finished-at="2020-12-06T15:16:59Z" duration-ms="12026" status="PASS">
          <reporter-output>
          </reporter-output>
        </test-method> <!-- setup -->
        <test-method signature="forgotPasswordTest()[pri:3, instance:com.test.freecrm.qa.testcases.LoginPageTestCases@3d8314f0]" started-at="2020-12-06T15:16:59Z" name="forgotPasswordTest" finished-at="2020-12-06T15:17:01Z" duration-ms="2263" status="PASS">
          <reporter-output>
          </reporter-output>
        </test-method> <!-- forgotPasswordTest -->
        <test-method is-config="true" signature="tearDown()[pri:0, instance:com.test.freecrm.qa.testcases.LoginPageTestCases@3d8314f0]" started-at="2020-12-06T15:17:01Z" name="tearDown" finished-at="2020-12-06T15:17:02Z" duration-ms="810" status="PASS">
          <reporter-output>
          </reporter-output>
        </test-method> <!-- tearDown -->
        <test-method is-config="true" signature="setup()[pri:0, instance:com.test.freecrm.qa.testcases.LoginPageTestCases@3d8314f0]" started-at="2020-12-06T15:17:56Z" name="setup" finished-at="2020-12-06T15:18:09Z" duration-ms="12970" status="PASS">
          <reporter-output>
          </reporter-output>
        </test-method> <!-- setup -->
        <test-method signature="classicCRMTest()[pri:4, instance:com.test.freecrm.qa.testcases.LoginPageTestCases@3d8314f0]" started-at="2020-12-06T15:18:09Z" name="classicCRMTest" finished-at="2020-12-06T15:18:14Z" duration-ms="5599" status="PASS">
          <reporter-output>
          </reporter-output>
        </test-method> <!-- classicCRMTest -->
        <test-method is-config="true" signature="tearDown()[pri:0, instance:com.test.freecrm.qa.testcases.LoginPageTestCases@3d8314f0]" started-at="2020-12-06T15:18:14Z" name="tearDown" finished-at="2020-12-06T15:18:15Z" duration-ms="847" status="PASS">
          <reporter-output>
          </reporter-output>
        </test-method> <!-- tearDown -->
        <test-method is-config="true" signature="setup()[pri:0, instance:com.test.freecrm.qa.testcases.LoginPageTestCases@3d8314f0]" started-at="2020-12-06T15:18:48Z" name="setup" finished-at="2020-12-06T15:19:01Z" duration-ms="12533" status="PASS">
          <reporter-output>
          </reporter-output>
        </test-method> <!-- setup -->
        <test-method signature="signUpTest()[pri:5, instance:com.test.freecrm.qa.testcases.LoginPageTestCases@3d8314f0]" started-at="2020-12-06T15:19:01Z" name="signUpTest" finished-at="2020-12-06T15:19:06Z" duration-ms="5511" status="PASS">
          <reporter-output>
          </reporter-output>
        </test-method> <!-- signUpTest -->
        <test-method is-config="true" signature="tearDown()[pri:0, instance:com.test.freecrm.qa.testcases.LoginPageTestCases@3d8314f0]" started-at="2020-12-06T15:19:06Z" name="tearDown" finished-at="2020-12-06T15:19:07Z" duration-ms="796" status="PASS">
          <reporter-output>
          </reporter-output>
        </test-method> <!-- tearDown -->
        <test-method is-config="true" signature="setup()[pri:0, instance:com.test.freecrm.qa.testcases.LoginPageTestCases@3d8314f0]" started-at="2020-12-06T15:20:05Z" name="setup" finished-at="2020-12-06T15:20:18Z" duration-ms="12699" status="PASS">
          <reporter-output>
          </reporter-output>
        </test-method> <!-- setup -->
        <test-method signature="loginTest()[pri:6, instance:com.test.freecrm.qa.testcases.LoginPageTestCases@3d8314f0]" started-at="2020-12-06T15:20:18Z" name="loginTest" finished-at="2020-12-06T15:20:19Z" duration-ms="943" status="PASS">
          <reporter-output>
          </reporter-output>
        </test-method> <!-- loginTest -->
        <test-method is-config="true" signature="tearDown()[pri:0, instance:com.test.freecrm.qa.testcases.LoginPageTestCases@3d8314f0]" started-at="2020-12-06T15:20:19Z" name="tearDown" finished-at="2020-12-06T15:20:19Z" duration-ms="804" status="PASS">
          <reporter-output>
          </reporter-output>
        </test-method> <!-- tearDown -->
      </class> <!-- com.test.freecrm.qa.testcases.LoginPageTestCases -->
      <class name="com.test.freecrm.qa.testcases.HomePageTestCases">
        <test-method is-config="true" signature="setup()[pri:0, instance:com.test.freecrm.qa.testcases.HomePageTestCases@2df32bf7]" started-at="2020-12-06T15:15:14Z" name="setup" finished-at="2020-12-06T15:15:27Z" duration-ms="13394" status="PASS">
          <reporter-output>
          </reporter-output>
        </test-method> <!-- setup -->
        <test-method signature="validateTitleTest()[pri:1, instance:com.test.freecrm.qa.testcases.HomePageTestCases@2df32bf7]" started-at="2020-12-06T15:15:27Z" name="validateTitleTest" finished-at="2020-12-06T15:15:27Z" duration-ms="7" status="PASS">
          <reporter-output>
          </reporter-output>
        </test-method> <!-- validateTitleTest -->
        <test-method is-config="true" signature="tearDown()[pri:0, instance:com.test.freecrm.qa.testcases.HomePageTestCases@2df32bf7]" started-at="2020-12-06T15:15:27Z" name="tearDown" finished-at="2020-12-06T15:15:28Z" duration-ms="811" status="PASS">
          <reporter-output>
          </reporter-output>
        </test-method> <!-- tearDown -->
        <test-method is-config="true" signature="setup()[pri:0, instance:com.test.freecrm.qa.testcases.HomePageTestCases@2df32bf7]" started-at="2020-12-06T15:16:10Z" name="setup" finished-at="2020-12-06T15:16:25Z" duration-ms="14561" status="PASS">
          <reporter-output>
          </reporter-output>
        </test-method> <!-- setup -->
        <test-method signature="validateUserProfileTest()[pri:2, instance:com.test.freecrm.qa.testcases.HomePageTestCases@2df32bf7]" started-at="2020-12-06T15:16:25Z" name="validateUserProfileTest" finished-at="2020-12-06T15:16:26Z" duration-ms="1602" status="PASS">
          <reporter-output>
          </reporter-output>
        </test-method> <!-- validateUserProfileTest -->
        <test-method is-config="true" signature="tearDown()[pri:0, instance:com.test.freecrm.qa.testcases.HomePageTestCases@2df32bf7]" started-at="2020-12-06T15:16:26Z" name="tearDown" finished-at="2020-12-06T15:16:27Z" duration-ms="822" status="PASS">
          <reporter-output>
          </reporter-output>
        </test-method> <!-- tearDown -->
        <test-method is-config="true" signature="setup()[pri:0, instance:com.test.freecrm.qa.testcases.HomePageTestCases@2df32bf7]" started-at="2020-12-06T15:17:02Z" name="setup" finished-at="2020-12-06T15:17:17Z" duration-ms="14717" status="PASS">
          <reporter-output>
          </reporter-output>
        </test-method> <!-- setup -->
        <test-method signature="calendarClickTest()[pri:3, instance:com.test.freecrm.qa.testcases.HomePageTestCases@2df32bf7]" started-at="2020-12-06T15:17:17Z" name="calendarClickTest" finished-at="2020-12-06T15:17:19Z" duration-ms="2303" status="PASS">
          <reporter-output>
          </reporter-output>
        </test-method> <!-- calendarClickTest -->
        <test-method is-config="true" signature="tearDown()[pri:0, instance:com.test.freecrm.qa.testcases.HomePageTestCases@2df32bf7]" started-at="2020-12-06T15:17:19Z" name="tearDown" finished-at="2020-12-06T15:17:20Z" duration-ms="814" status="PASS">
          <reporter-output>
          </reporter-output>
        </test-method> <!-- tearDown -->
        <test-method is-config="true" signature="setup()[pri:0, instance:com.test.freecrm.qa.testcases.HomePageTestCases@2df32bf7]" started-at="2020-12-06T15:17:20Z" name="setup" finished-at="2020-12-06T15:17:36Z" duration-ms="15588" status="PASS">
          <reporter-output>
          </reporter-output>
        </test-method> <!-- setup -->
        <test-method signature="contactClickTest()[pri:3, instance:com.test.freecrm.qa.testcases.HomePageTestCases@2df32bf7]" started-at="2020-12-06T15:17:36Z" name="contactClickTest" finished-at="2020-12-06T15:17:38Z" duration-ms="2114" status="PASS">
          <reporter-output>
          </reporter-output>
        </test-method> <!-- contactClickTest -->
        <test-method is-config="true" signature="tearDown()[pri:0, instance:com.test.freecrm.qa.testcases.HomePageTestCases@2df32bf7]" started-at="2020-12-06T15:17:38Z" name="tearDown" finished-at="2020-12-06T15:17:39Z" duration-ms="929" status="PASS">
          <reporter-output>
          </reporter-output>
        </test-method> <!-- tearDown -->
        <test-method is-config="true" signature="setup()[pri:0, instance:com.test.freecrm.qa.testcases.HomePageTestCases@2df32bf7]" started-at="2020-12-06T15:18:15Z" name="setup" finished-at="2020-12-06T15:18:28Z" duration-ms="12947" status="PASS">
          <reporter-output>
          </reporter-output>
        </test-method> <!-- setup -->
        <test-method signature="companiesClickTest()[pri:4, instance:com.test.freecrm.qa.testcases.HomePageTestCases@2df32bf7]" started-at="2020-12-06T15:18:28Z" name="companiesClickTest" finished-at="2020-12-06T15:18:31Z" duration-ms="2330" status="PASS">
          <reporter-output>
          </reporter-output>
        </test-method> <!-- companiesClickTest -->
        <test-method is-config="true" signature="tearDown()[pri:0, instance:com.test.freecrm.qa.testcases.HomePageTestCases@2df32bf7]" started-at="2020-12-06T15:18:31Z" name="tearDown" finished-at="2020-12-06T15:18:31Z" duration-ms="820" status="PASS">
          <reporter-output>
          </reporter-output>
        </test-method> <!-- tearDown -->
        <test-method is-config="true" signature="setup()[pri:0, instance:com.test.freecrm.qa.testcases.HomePageTestCases@2df32bf7]" started-at="2020-12-06T15:19:07Z" name="setup" finished-at="2020-12-06T15:19:24Z" duration-ms="17022" status="PASS">
          <reporter-output>
          </reporter-output>
        </test-method> <!-- setup -->
        <test-method signature="TaskClickTest()[pri:5, instance:com.test.freecrm.qa.testcases.HomePageTestCases@2df32bf7]" started-at="2020-12-06T15:19:24Z" name="TaskClickTest" finished-at="2020-12-06T15:19:26Z" duration-ms="1653" status="PASS">
          <reporter-output>
          </reporter-output>
        </test-method> <!-- TaskClickTest -->
        <test-method is-config="true" signature="tearDown()[pri:0, instance:com.test.freecrm.qa.testcases.HomePageTestCases@2df32bf7]" started-at="2020-12-06T15:19:26Z" name="tearDown" finished-at="2020-12-06T15:19:27Z" duration-ms="816" status="PASS">
          <reporter-output>
          </reporter-output>
        </test-method> <!-- tearDown -->
        <test-method is-config="true" signature="setup()[pri:0, instance:com.test.freecrm.qa.testcases.HomePageTestCases@2df32bf7]" started-at="2020-12-06T15:19:27Z" name="setup" finished-at="2020-12-06T15:19:41Z" duration-ms="14668" status="PASS">
          <reporter-output>
          </reporter-output>
        </test-method> <!-- setup -->
        <test-method signature="dealClickTest()[pri:5, instance:com.test.freecrm.qa.testcases.HomePageTestCases@2df32bf7]" started-at="2020-12-06T15:19:41Z" name="dealClickTest" finished-at="2020-12-06T15:19:43Z" duration-ms="1832" status="PASS">
          <reporter-output>
          </reporter-output>
        </test-method> <!-- dealClickTest -->
        <test-method is-config="true" signature="tearDown()[pri:0, instance:com.test.freecrm.qa.testcases.HomePageTestCases@2df32bf7]" started-at="2020-12-06T15:19:43Z" name="tearDown" finished-at="2020-12-06T15:19:44Z" duration-ms="804" status="PASS">
          <reporter-output>
          </reporter-output>
        </test-method> <!-- tearDown -->
        <test-method is-config="true" signature="setup()[pri:0, instance:com.test.freecrm.qa.testcases.HomePageTestCases@2df32bf7]" started-at="2020-12-06T15:20:19Z" name="setup" finished-at="2020-12-06T15:20:36Z" duration-ms="16808" status="PASS">
          <reporter-output>
          </reporter-output>
        </test-method> <!-- setup -->
        <test-method signature="caseClickTest()[pri:6, instance:com.test.freecrm.qa.testcases.HomePageTestCases@2df32bf7]" started-at="2020-12-06T15:20:36Z" name="caseClickTest" finished-at="2020-12-06T15:20:38Z" duration-ms="1577" status="PASS">
          <reporter-output>
          </reporter-output>
        </test-method> <!-- caseClickTest -->
        <test-method is-config="true" signature="tearDown()[pri:0, instance:com.test.freecrm.qa.testcases.HomePageTestCases@2df32bf7]" started-at="2020-12-06T15:20:38Z" name="tearDown" finished-at="2020-12-06T15:20:39Z" duration-ms="862" status="PASS">
          <reporter-output>
          </reporter-output>
        </test-method> <!-- tearDown -->
        <test-method is-config="true" signature="setup()[pri:0, instance:com.test.freecrm.qa.testcases.HomePageTestCases@2df32bf7]" started-at="2020-12-06T15:21:11Z" name="setup" finished-at="2020-12-06T15:21:24Z" duration-ms="12884" status="PASS">
          <reporter-output>
          </reporter-output>
        </test-method> <!-- setup -->
        <test-method signature="callsClickTest()[pri:7, instance:com.test.freecrm.qa.testcases.HomePageTestCases@2df32bf7]" started-at="2020-12-06T15:21:24Z" name="callsClickTest" finished-at="2020-12-06T15:21:26Z" duration-ms="2464" status="PASS">
          <reporter-output>
          </reporter-output>
        </test-method> <!-- callsClickTest -->
        <test-method is-config="true" signature="tearDown()[pri:0, instance:com.test.freecrm.qa.testcases.HomePageTestCases@2df32bf7]" started-at="2020-12-06T15:21:26Z" name="tearDown" finished-at="2020-12-06T15:21:27Z" duration-ms="794" status="PASS">
          <reporter-output>
          </reporter-output>
        </test-method> <!-- tearDown -->
        <test-method is-config="true" signature="setup()[pri:0, instance:com.test.freecrm.qa.testcases.HomePageTestCases@2df32bf7]" started-at="2020-12-06T15:23:11Z" name="setup" finished-at="2020-12-06T15:23:26Z" duration-ms="15063" status="PASS">
          <reporter-output>
          </reporter-output>
        </test-method> <!-- setup -->
        <test-method signature="documentsClickTest()[pri:8, instance:com.test.freecrm.qa.testcases.HomePageTestCases@2df32bf7]" started-at="2020-12-06T15:23:26Z" name="documentsClickTest" finished-at="2020-12-06T15:23:29Z" duration-ms="2430" status="PASS">
          <reporter-output>
          </reporter-output>
        </test-method> <!-- documentsClickTest -->
        <test-method is-config="true" signature="tearDown()[pri:0, instance:com.test.freecrm.qa.testcases.HomePageTestCases@2df32bf7]" started-at="2020-12-06T15:23:29Z" name="tearDown" finished-at="2020-12-06T15:23:29Z" duration-ms="846" status="PASS">
          <reporter-output>
          </reporter-output>
        </test-method> <!-- tearDown -->
        <test-method is-config="true" signature="setup()[pri:0, instance:com.test.freecrm.qa.testcases.HomePageTestCases@2df32bf7]" started-at="2020-12-06T15:24:58Z" name="setup" finished-at="2020-12-06T15:25:13Z" duration-ms="14837" status="PASS">
          <reporter-output>
          </reporter-output>
        </test-method> <!-- setup -->
        <test-method signature="EmailClickTest()[pri:9, instance:com.test.freecrm.qa.testcases.HomePageTestCases@2df32bf7]" started-at="2020-12-06T15:25:13Z" name="EmailClickTest" finished-at="2020-12-06T15:25:15Z" duration-ms="1635" status="PASS">
          <reporter-output>
          </reporter-output>
        </test-method> <!-- EmailClickTest -->
        <test-method is-config="true" signature="tearDown()[pri:0, instance:com.test.freecrm.qa.testcases.HomePageTestCases@2df32bf7]" started-at="2020-12-06T15:25:15Z" name="tearDown" finished-at="2020-12-06T15:25:15Z" duration-ms="822" status="PASS">
          <reporter-output>
          </reporter-output>
        </test-method> <!-- tearDown -->
        <test-method is-config="true" signature="setup()[pri:0, instance:com.test.freecrm.qa.testcases.HomePageTestCases@2df32bf7]" started-at="2020-12-06T15:25:45Z" name="setup" finished-at="2020-12-06T15:25:59Z" duration-ms="14367" status="PASS">
          <reporter-output>
          </reporter-output>
        </test-method> <!-- setup -->
        <test-method signature="CampaingsClickTest()[pri:10, instance:com.test.freecrm.qa.testcases.HomePageTestCases@2df32bf7]" started-at="2020-12-06T15:25:59Z" name="CampaingsClickTest" finished-at="2020-12-06T15:26:01Z" duration-ms="2255" status="PASS">
          <reporter-output>
          </reporter-output>
        </test-method> <!-- CampaingsClickTest -->
        <test-method is-config="true" signature="tearDown()[pri:0, instance:com.test.freecrm.qa.testcases.HomePageTestCases@2df32bf7]" started-at="2020-12-06T15:26:01Z" name="tearDown" finished-at="2020-12-06T15:26:03Z" duration-ms="1498" status="PASS">
          <reporter-output>
          </reporter-output>
        </test-method> <!-- tearDown -->
        <test-method is-config="true" signature="setup()[pri:0, instance:com.test.freecrm.qa.testcases.HomePageTestCases@2df32bf7]" started-at="2020-12-06T15:26:03Z" name="setup" finished-at="2020-12-06T15:26:16Z" duration-ms="13330" status="PASS">
          <reporter-output>
          </reporter-output>
        </test-method> <!-- setup -->
        <test-method signature="FormsClickTest()[pri:11, instance:com.test.freecrm.qa.testcases.HomePageTestCases@2df32bf7]" started-at="2020-12-06T15:26:16Z" name="FormsClickTest" finished-at="2020-12-06T15:26:18Z" duration-ms="1674" status="PASS">
          <reporter-output>
          </reporter-output>
        </test-method> <!-- FormsClickTest -->
        <test-method is-config="true" signature="tearDown()[pri:0, instance:com.test.freecrm.qa.testcases.HomePageTestCases@2df32bf7]" started-at="2020-12-06T15:26:18Z" name="tearDown" finished-at="2020-12-06T15:26:18Z" duration-ms="793" status="PASS">
          <reporter-output>
          </reporter-output>
        </test-method> <!-- tearDown -->
        <test-method signature="searchBoxTest(java.lang.String)[pri:12, instance:com.test.freecrm.qa.testcases.HomePageTestCases@2df32bf7]" started-at="2020-12-06T15:26:19Z" name="searchBoxTest" data-provider="getFreeCRMTestData" finished-at="2020-12-06T15:26:19Z" duration-ms="0" status="SKIP">
          <exception class="java.lang.RuntimeException">
            <message>
              <![CDATA[java.lang.NullPointerException: Cannot invoke "org.apache.poi.ss.usermodel.Sheet.getLastRowNum()" because "com.main.freecrm.qa.util.TestUtil.sheet" is null]]>
            </message>
            <full-stacktrace>
              <![CDATA[java.lang.RuntimeException: java.lang.NullPointerException: Cannot invoke "org.apache.poi.ss.usermodel.Sheet.getLastRowNum()" because "com.main.freecrm.qa.util.TestUtil.sheet" is null
	at org.testng.internal.MethodInvocationHelper.invokeMethodNoCheckedException(MethodInvocationHelper.java:49)
	at org.testng.internal.MethodInvocationHelper.invokeDataProvider(MethodInvocationHelper.java:115)
	at org.testng.internal.Parameters.handleParameters(Parameters.java:509)
	at org.testng.internal.Invoker.handleParameters(Invoker.java:1308)
	at org.testng.internal.Invoker.createParameters(Invoker.java:1036)
	at org.testng.internal.Invoker.invokeTestMethods(Invoker.java:1126)
	at org.testng.internal.TestMethodWorker.invokeTestMethods(TestMethodWorker.java:126)
	at org.testng.internal.TestMethodWorker.run(TestMethodWorker.java:109)
	at org.testng.TestRunner.privateRun(TestRunner.java:744)
	at org.testng.TestRunner.run(TestRunner.java:602)
	at org.testng.SuiteRunner.runTest(SuiteRunner.java:380)
	at org.testng.SuiteRunner.runSequentially(SuiteRunner.java:375)
	at org.testng.SuiteRunner.privateRun(SuiteRunner.java:340)
	at org.testng.SuiteRunner.run(SuiteRunner.java:289)
	at org.testng.SuiteRunnerWorker.runSuite(SuiteRunnerWorker.java:52)
	at org.testng.SuiteRunnerWorker.run(SuiteRunnerWorker.java:86)
	at org.testng.TestNG.runSuitesSequentially(TestNG.java:1301)
	at org.testng.TestNG.runSuitesLocally(TestNG.java:1226)
	at org.testng.TestNG.runSuites(TestNG.java:1144)
	at org.testng.TestNG.run(TestNG.java:1115)
	at org.apache.maven.surefire.testng.TestNGExecutor.run(TestNGExecutor.java:178)
	at org.apache.maven.surefire.testng.TestNGXmlTestSuite.execute(TestNGXmlTestSuite.java:92)
	at org.apache.maven.surefire.testng.TestNGProvider.invoke(TestNGProvider.java:96)
	at java.base/jdk.internal.reflect.NativeMethodAccessorImpl.invoke0(Native Method)
	at java.base/jdk.internal.reflect.NativeMethodAccessorImpl.invoke(NativeMethodAccessorImpl.java:64)
	at java.base/jdk.internal.reflect.DelegatingMethodAccessorImpl.invoke(DelegatingMethodAccessorImpl.java:43)
	at java.base/java.lang.reflect.Method.invoke(Method.java:564)
	at org.apache.maven.surefire.util.ReflectionUtils.invokeMethodWithArray2(ReflectionUtils.java:208)
	at org.apache.maven.surefire.booter.ProviderFactory$ProviderProxy.invoke(ProviderFactory.java:159)
	at org.apache.maven.surefire.booter.ProviderFactory.invokeProvider(ProviderFactory.java:87)
	at org.apache.maven.surefire.booter.ForkedBooter.runSuitesInProcess(ForkedBooter.java:153)
	at org.apache.maven.surefire.booter.ForkedBooter.main(ForkedBooter.java:95)
Caused by: java.lang.NullPointerException: Cannot invoke "org.apache.poi.ss.usermodel.Sheet.getLastRowNum()" because "com.main.freecrm.qa.util.TestUtil.sheet" is null
	at com.main.freecrm.qa.util.TestUtil.getTestData(TestUtil.java:64)
	at com.test.freecrm.qa.testcases.HomePageTestCases.getFreeCRMTestData(HomePageTestCases.java:130)
	at java.base/jdk.internal.reflect.NativeMethodAccessorImpl.invoke0(Native Method)
	at java.base/jdk.internal.reflect.NativeMethodAccessorImpl.invoke(NativeMethodAccessorImpl.java:64)
	at java.base/jdk.internal.reflect.DelegatingMethodAccessorImpl.invoke(DelegatingMethodAccessorImpl.java:43)
	at java.base/java.lang.reflect.Method.invoke(Method.java:564)
	at org.testng.internal.MethodInvocationHelper.invokeMethod(MethodInvocationHelper.java:108)
	at org.testng.internal.MethodInvocationHelper.invokeMethod(MethodInvocationHelper.java:55)
	at org.testng.internal.MethodInvocationHelper.invokeMethodNoCheckedException(MethodInvocationHelper.java:45)
	... 31 more
]]>
            </full-stacktrace>
          </exception> <!-- java.lang.RuntimeException -->
          <reporter-output>
          </reporter-output>
        </test-method> <!-- searchBoxTest -->
      </class> <!-- com.test.freecrm.qa.testcases.HomePageTestCases -->
      <class name="com.test.freecrm.qa.testcases.ContactPageTestCases">
        <test-method is-config="true" signature="setUp()[pri:0, instance:com.test.freecrm.qa.testcases.ContactPageTestCases@530612ba]" started-at="2020-12-06T15:15:28Z" name="setUp" finished-at="2020-12-06T15:15:53Z" duration-ms="24944" status="PASS">
          <reporter-output>
          </reporter-output>
        </test-method> <!-- setUp -->
        <test-method signature="contactsLabelDisplayed()[pri:1, instance:com.test.freecrm.qa.testcases.ContactPageTestCases@530612ba]" started-at="2020-12-06T15:15:53Z" name="contactsLabelDisplayed" finished-at="2020-12-06T15:15:53Z" duration-ms="72" status="PASS">
          <reporter-output>
          </reporter-output>
        </test-method> <!-- contactsLabelDisplayed -->
        <test-method is-config="true" signature="tearDown()[pri:0, instance:com.test.freecrm.qa.testcases.ContactPageTestCases@530612ba]" started-at="2020-12-06T15:15:53Z" name="tearDown" finished-at="2020-12-06T15:15:54Z" duration-ms="798" status="PASS">
          <reporter-output>
          </reporter-output>
        </test-method> <!-- tearDown -->
        <test-method is-config="true" signature="setUp()[pri:0, instance:com.test.freecrm.qa.testcases.ContactPageTestCases@530612ba]" started-at="2020-12-06T15:16:27Z" name="setUp" finished-at="2020-12-06T15:16:44Z" duration-ms="16690" status="PASS">
          <reporter-output>
          </reporter-output>
        </test-method> <!-- setUp -->
        <test-method signature="selectCheckBoxTest()[pri:2, instance:com.test.freecrm.qa.testcases.ContactPageTestCases@530612ba]" started-at="2020-12-06T15:16:44Z" name="selectCheckBoxTest" finished-at="2020-12-06T15:16:46Z" duration-ms="1753" status="PASS">
          <reporter-output>
          </reporter-output>
        </test-method> <!-- selectCheckBoxTest -->
        <test-method is-config="true" signature="tearDown()[pri:0, instance:com.test.freecrm.qa.testcases.ContactPageTestCases@530612ba]" started-at="2020-12-06T15:16:46Z" name="tearDown" finished-at="2020-12-06T15:16:47Z" duration-ms="1354" status="PASS">
          <reporter-output>
          </reporter-output>
        </test-method> <!-- tearDown -->
        <test-method is-config="true" signature="setUp()[pri:0, instance:com.test.freecrm.qa.testcases.ContactPageTestCases@530612ba]" started-at="2020-12-06T15:17:39Z" name="setUp" finished-at="2020-12-06T15:17:54Z" duration-ms="15456" status="PASS">
          <reporter-output>
          </reporter-output>
        </test-method> <!-- setUp -->
        <test-method signature="selectCheckBoxTest2()[pri:3, instance:com.test.freecrm.qa.testcases.ContactPageTestCases@530612ba]" started-at="2020-12-06T15:17:54Z" name="selectCheckBoxTest2" finished-at="2020-12-06T15:17:55Z" duration-ms="1007" status="PASS">
          <reporter-output>
          </reporter-output>
        </test-method> <!-- selectCheckBoxTest2 -->
        <test-method is-config="true" signature="tearDown()[pri:0, instance:com.test.freecrm.qa.testcases.ContactPageTestCases@530612ba]" started-at="2020-12-06T15:17:55Z" name="tearDown" finished-at="2020-12-06T15:17:56Z" duration-ms="824" status="PASS">
          <reporter-output>
          </reporter-output>
        </test-method> <!-- tearDown -->
        <test-method is-config="true" signature="setUp()[pri:0, instance:com.test.freecrm.qa.testcases.ContactPageTestCases@530612ba]" started-at="2020-12-06T15:18:31Z" name="setUp" finished-at="2020-12-06T15:18:46Z" duration-ms="15083" status="PASS">
          <reporter-output>
          </reporter-output>
        </test-method> <!-- setUp -->
        <test-method signature="selectMultipleCheckBoxTest()[pri:4, instance:com.test.freecrm.qa.testcases.ContactPageTestCases@530612ba]" started-at="2020-12-06T15:18:46Z" name="selectMultipleCheckBoxTest" finished-at="2020-12-06T15:18:48Z" duration-ms="1132" status="PASS">
          <reporter-output>
          </reporter-output>
        </test-method> <!-- selectMultipleCheckBoxTest -->
        <test-method is-config="true" signature="tearDown()[pri:0, instance:com.test.freecrm.qa.testcases.ContactPageTestCases@530612ba]" started-at="2020-12-06T15:18:48Z" name="tearDown" finished-at="2020-12-06T15:18:48Z" duration-ms="803" status="PASS">
          <reporter-output>
          </reporter-output>
        </test-method> <!-- tearDown -->
        <test-method is-config="true" signature="setUp()[pri:0, instance:com.test.freecrm.qa.testcases.ContactPageTestCases@530612ba]" started-at="2020-12-06T15:19:44Z" name="setUp" finished-at="2020-12-06T15:20:00Z" duration-ms="15511" status="PASS">
          <reporter-output>
          </reporter-output>
        </test-method> <!-- setUp -->
        <test-method signature="clickCreateNewContact()[pri:5, instance:com.test.freecrm.qa.testcases.ContactPageTestCases@530612ba]" started-at="2020-12-06T15:20:00Z" name="clickCreateNewContact" finished-at="2020-12-06T15:20:04Z" duration-ms="4594" status="PASS">
          <reporter-output>
          </reporter-output>
        </test-method> <!-- clickCreateNewContact -->
        <test-method is-config="true" signature="tearDown()[pri:0, instance:com.test.freecrm.qa.testcases.ContactPageTestCases@530612ba]" started-at="2020-12-06T15:20:04Z" name="tearDown" finished-at="2020-12-06T15:20:05Z" duration-ms="823" status="PASS">
          <reporter-output>
          </reporter-output>
        </test-method> <!-- tearDown -->
        <test-method is-config="true" signature="setUp()[pri:0, instance:com.test.freecrm.qa.testcases.ContactPageTestCases@530612ba]" started-at="2020-12-06T15:20:39Z" name="setUp" finished-at="2020-12-06T15:20:54Z" duration-ms="15293" status="PASS">
          <reporter-output>
          </reporter-output>
        </test-method> <!-- setUp -->
        <test-method signature="createSingleContactTest()[pri:6, instance:com.test.freecrm.qa.testcases.ContactPageTestCases@530612ba]" started-at="2020-12-06T15:20:54Z" name="createSingleContactTest" finished-at="2020-12-06T15:21:10Z" duration-ms="16308" status="PASS">
          <reporter-output>
          </reporter-output>
        </test-method> <!-- createSingleContactTest -->
        <test-method is-config="true" signature="tearDown()[pri:0, instance:com.test.freecrm.qa.testcases.ContactPageTestCases@530612ba]" started-at="2020-12-06T15:21:10Z" name="tearDown" finished-at="2020-12-06T15:21:11Z" duration-ms="830" status="PASS">
          <reporter-output>
          </reporter-output>
        </test-method> <!-- tearDown -->
        <test-method is-config="true" signature="setUp()[pri:0, instance:com.test.freecrm.qa.testcases.ContactPageTestCases@530612ba]" started-at="2020-12-06T15:21:28Z" name="setUp" finished-at="2020-12-06T15:21:44Z" duration-ms="15582" status="PASS">
          <reporter-output>
          </reporter-output>
        </test-method> <!-- setUp -->
        <test-method signature="createMultipleNewUser(java.lang.String, java.lang.String, java.lang.String, java.lang.String, java.lang.String, java.lang.String, java.lang.String, java.lang.String, java.lang.String)[pri:7, instance:com.test.freecrm.qa.testcases.ContactPageTestCases@530612ba]" started-at="2020-12-06T15:21:44Z" name="createMultipleNewUser" data-provider="getFreeCRMtestData" finished-at="2020-12-06T15:22:03Z" duration-ms="19475" status="PASS">
          <params>
            <param index="0">
              <value>
                <![CDATA[rohan]]>
              </value>
            </param>
            <param index="1">
              <value>
                <![CDATA[m]]>
              </value>
            </param>
            <param index="2">
              <value>
                <![CDATA[manju]]>
              </value>
            </param>
            <param index="3">
              <value>
                <![CDATA[amazom]]>
              </value>
            </param>
            <param index="4">
              <value>
                <![CDATA[abc@gmail.com]]>
              </value>
            </param>
            <param index="5">
              <value>
                <![CDATA[Lead]]>
              </value>
            </param>
            <param index="6">
              <value>
                <![CDATA[New]]>
              </value>
            </param>
            <param index="7">
              <value>
                <![CDATA[This is an automated user created]]>
              </value>
            </param>
            <param index="8">
              <value>
                <![CDATA[QA Automation Engineer]]>
              </value>
            </param>
          </params>
          <reporter-output>
          </reporter-output>
        </test-method> <!-- createMultipleNewUser -->
        <test-method is-config="true" signature="tearDown()[pri:0, instance:com.test.freecrm.qa.testcases.ContactPageTestCases@530612ba]" started-at="2020-12-06T15:22:03Z" name="tearDown" finished-at="2020-12-06T15:22:04Z" duration-ms="830" status="PASS">
          <reporter-output>
          </reporter-output>
        </test-method> <!-- tearDown -->
        <test-method is-config="true" signature="setUp()[pri:0, instance:com.test.freecrm.qa.testcases.ContactPageTestCases@530612ba]" started-at="2020-12-06T15:22:04Z" name="setUp" finished-at="2020-12-06T15:22:19Z" duration-ms="14780" status="PASS">
          <reporter-output>
          </reporter-output>
        </test-method> <!-- setUp -->
        <test-method signature="createMultipleNewUser(java.lang.String, java.lang.String, java.lang.String, java.lang.String, java.lang.String, java.lang.String, java.lang.String, java.lang.String, java.lang.String)[pri:7, instance:com.test.freecrm.qa.testcases.ContactPageTestCases@530612ba]" started-at="2020-12-06T15:22:19Z" name="createMultipleNewUser" data-provider="getFreeCRMtestData" finished-at="2020-12-06T15:22:36Z" duration-ms="17156" status="PASS">
          <params>
            <param index="0">
              <value>
                <![CDATA[User2]]>
              </value>
            </param>
            <param index="1">
              <value>
                <![CDATA[test]]>
              </value>
            </param>
            <param index="2">
              <value>
                <![CDATA[what]]>
              </value>
            </param>
            <param index="3">
              <value>
                <![CDATA[jobless]]>
              </value>
            </param>
            <param index="4">
              <value>
                <![CDATA[test@google.com]]>
              </value>
            </param>
            <param index="5">
              <value>
                <![CDATA[Contact]]>
              </value>
            </param>
            <param index="6">
              <value>
                <![CDATA[Inactive]]>
              </value>
            </param>
            <param index="7">
              <value>
                <![CDATA[just for test]]>
              </value>
            </param>
            <param index="8">
              <value>
                <![CDATA[Lead engineer]]>
              </value>
            </param>
          </params>
          <reporter-output>
          </reporter-output>
        </test-method> <!-- createMultipleNewUser -->
        <test-method is-config="true" signature="tearDown()[pri:0, instance:com.test.freecrm.qa.testcases.ContactPageTestCases@530612ba]" started-at="2020-12-06T15:22:36Z" name="tearDown" finished-at="2020-12-06T15:22:37Z" duration-ms="818" status="PASS">
          <reporter-output>
          </reporter-output>
        </test-method> <!-- tearDown -->
        <test-method is-config="true" signature="setUp()[pri:0, instance:com.test.freecrm.qa.testcases.ContactPageTestCases@530612ba]" started-at="2020-12-06T15:22:37Z" name="setUp" finished-at="2020-12-06T15:22:55Z" duration-ms="17461" status="PASS">
          <reporter-output>
          </reporter-output>
        </test-method> <!-- setUp -->
        <test-method signature="createMultipleNewUser(java.lang.String, java.lang.String, java.lang.String, java.lang.String, java.lang.String, java.lang.String, java.lang.String, java.lang.String, java.lang.String)[pri:7, instance:com.test.freecrm.qa.testcases.ContactPageTestCases@530612ba]" started-at="2020-12-06T15:22:55Z" name="createMultipleNewUser" data-provider="getFreeCRMtestData" finished-at="2020-12-06T15:23:10Z" duration-ms="15660" status="PASS">
          <params>
            <param index="0">
              <value>
                <![CDATA[rahul]]>
              </value>
            </param>
            <param index="1">
              <value>
                <![CDATA[madhav]]>
              </value>
            </param>
            <param index="2">
              <value>
                <![CDATA[kiran]]>
              </value>
            </param>
            <param index="3">
              <value>
                <![CDATA[o9 ]]>
              </value>
            </param>
            <param index="4">
              <value>
                <![CDATA[test@o9.com]]>
              </value>
            </param>
            <param index="5">
              <value>
                <![CDATA[Customer]]>
              </value>
            </param>
            <param index="6">
              <value>
                <![CDATA[Active]]>
              </value>
            </param>
            <param index="7">
              <value>
                <![CDATA[test]]>
              </value>
            </param>
            <param index="8">
              <value>
                <![CDATA[Software developer]]>
              </value>
            </param>
          </params>
          <reporter-output>
          </reporter-output>
        </test-method> <!-- createMultipleNewUser -->
        <test-method is-config="true" signature="tearDown()[pri:0, instance:com.test.freecrm.qa.testcases.ContactPageTestCases@530612ba]" started-at="2020-12-06T15:23:10Z" name="tearDown" finished-at="2020-12-06T15:23:11Z" duration-ms="823" status="PASS">
          <reporter-output>
          </reporter-output>
        </test-method> <!-- tearDown -->
        <test-method is-config="true" signature="setUp()[pri:0, instance:com.test.freecrm.qa.testcases.ContactPageTestCases@530612ba]" started-at="2020-12-06T15:23:29Z" name="setUp" finished-at="2020-12-06T15:23:44Z" duration-ms="14939" status="PASS">
          <reporter-output>
          </reporter-output>
        </test-method> <!-- setUp -->
        <test-method signature="deleteMultipleContactTest(java.lang.String, java.lang.String, java.lang.String, java.lang.String, java.lang.String, java.lang.String, java.lang.String, java.lang.String, java.lang.String)[pri:8, instance:com.test.freecrm.qa.testcases.ContactPageTestCases@530612ba]" started-at="2020-12-06T15:23:44Z" name="deleteMultipleContactTest" data-provider="getFreeCRMtestData" finished-at="2020-12-06T15:23:58Z" duration-ms="13917" status="PASS">
          <params>
            <param index="0">
              <value>
                <![CDATA[rohan]]>
              </value>
            </param>
            <param index="1">
              <value>
                <![CDATA[m]]>
              </value>
            </param>
            <param index="2">
              <value>
                <![CDATA[manju]]>
              </value>
            </param>
            <param index="3">
              <value>
                <![CDATA[amazom]]>
              </value>
            </param>
            <param index="4">
              <value>
                <![CDATA[abc@gmail.com]]>
              </value>
            </param>
            <param index="5">
              <value>
                <![CDATA[Lead]]>
              </value>
            </param>
            <param index="6">
              <value>
                <![CDATA[New]]>
              </value>
            </param>
            <param index="7">
              <value>
                <![CDATA[This is an automated user created]]>
              </value>
            </param>
            <param index="8">
              <value>
                <![CDATA[QA Automation Engineer]]>
              </value>
            </param>
          </params>
          <reporter-output>
          </reporter-output>
        </test-method> <!-- deleteMultipleContactTest -->
        <test-method is-config="true" signature="tearDown()[pri:0, instance:com.test.freecrm.qa.testcases.ContactPageTestCases@530612ba]" started-at="2020-12-06T15:23:58Z" name="tearDown" finished-at="2020-12-06T15:23:59Z" duration-ms="826" status="PASS">
          <reporter-output>
          </reporter-output>
        </test-method> <!-- tearDown -->
        <test-method is-config="true" signature="setUp()[pri:0, instance:com.test.freecrm.qa.testcases.ContactPageTestCases@530612ba]" started-at="2020-12-06T15:23:59Z" name="setUp" finished-at="2020-12-06T15:24:15Z" duration-ms="15570" status="PASS">
          <reporter-output>
          </reporter-output>
        </test-method> <!-- setUp -->
        <test-method signature="deleteMultipleContactTest(java.lang.String, java.lang.String, java.lang.String, java.lang.String, java.lang.String, java.lang.String, java.lang.String, java.lang.String, java.lang.String)[pri:8, instance:com.test.freecrm.qa.testcases.ContactPageTestCases@530612ba]" started-at="2020-12-06T15:24:15Z" name="deleteMultipleContactTest" data-provider="getFreeCRMtestData" finished-at="2020-12-06T15:24:28Z" duration-ms="13410" status="PASS">
          <params>
            <param index="0">
              <value>
                <![CDATA[User2]]>
              </value>
            </param>
            <param index="1">
              <value>
                <![CDATA[test]]>
              </value>
            </param>
            <param index="2">
              <value>
                <![CDATA[what]]>
              </value>
            </param>
            <param index="3">
              <value>
                <![CDATA[jobless]]>
              </value>
            </param>
            <param index="4">
              <value>
                <![CDATA[test@google.com]]>
              </value>
            </param>
            <param index="5">
              <value>
                <![CDATA[Contact]]>
              </value>
            </param>
            <param index="6">
              <value>
                <![CDATA[Inactive]]>
              </value>
            </param>
            <param index="7">
              <value>
                <![CDATA[just for test]]>
              </value>
            </param>
            <param index="8">
              <value>
                <![CDATA[Lead engineer]]>
              </value>
            </param>
          </params>
          <reporter-output>
          </reporter-output>
        </test-method> <!-- deleteMultipleContactTest -->
        <test-method is-config="true" signature="tearDown()[pri:0, instance:com.test.freecrm.qa.testcases.ContactPageTestCases@530612ba]" started-at="2020-12-06T15:24:28Z" name="tearDown" finished-at="2020-12-06T15:24:29Z" duration-ms="821" status="PASS">
          <reporter-output>
          </reporter-output>
        </test-method> <!-- tearDown -->
        <test-method is-config="true" signature="setUp()[pri:0, instance:com.test.freecrm.qa.testcases.ContactPageTestCases@530612ba]" started-at="2020-12-06T15:24:29Z" name="setUp" finished-at="2020-12-06T15:24:44Z" duration-ms="15282" status="PASS">
          <reporter-output>
          </reporter-output>
        </test-method> <!-- setUp -->
        <test-method signature="deleteMultipleContactTest(java.lang.String, java.lang.String, java.lang.String, java.lang.String, java.lang.String, java.lang.String, java.lang.String, java.lang.String, java.lang.String)[pri:8, instance:com.test.freecrm.qa.testcases.ContactPageTestCases@530612ba]" started-at="2020-12-06T15:24:44Z" name="deleteMultipleContactTest" data-provider="getFreeCRMtestData" finished-at="2020-12-06T15:24:57Z" duration-ms="13193" status="PASS">
          <params>
            <param index="0">
              <value>
                <![CDATA[rahul]]>
              </value>
            </param>
            <param index="1">
              <value>
                <![CDATA[madhav]]>
              </value>
            </param>
            <param index="2">
              <value>
                <![CDATA[kiran]]>
              </value>
            </param>
            <param index="3">
              <value>
                <![CDATA[o9 ]]>
              </value>
            </param>
            <param index="4">
              <value>
                <![CDATA[test@o9.com]]>
              </value>
            </param>
            <param index="5">
              <value>
                <![CDATA[Customer]]>
              </value>
            </param>
            <param index="6">
              <value>
                <![CDATA[Active]]>
              </value>
            </param>
            <param index="7">
              <value>
                <![CDATA[test]]>
              </value>
            </param>
            <param index="8">
              <value>
                <![CDATA[Software developer]]>
              </value>
            </param>
          </params>
          <reporter-output>
          </reporter-output>
        </test-method> <!-- deleteMultipleContactTest -->
        <test-method is-config="true" signature="tearDown()[pri:0, instance:com.test.freecrm.qa.testcases.ContactPageTestCases@530612ba]" started-at="2020-12-06T15:24:57Z" name="tearDown" finished-at="2020-12-06T15:24:58Z" duration-ms="797" status="PASS">
          <reporter-output>
          </reporter-output>
        </test-method> <!-- tearDown -->
        <test-method is-config="true" signature="setUp()[pri:0, instance:com.test.freecrm.qa.testcases.ContactPageTestCases@530612ba]" started-at="2020-12-06T15:25:15Z" name="setUp" finished-at="2020-12-06T15:25:30Z" duration-ms="15014" status="PASS">
          <reporter-output>
          </reporter-output>
        </test-method> <!-- setUp -->
        <test-method signature="deleteSingleContact()[pri:9, instance:com.test.freecrm.qa.testcases.ContactPageTestCases@530612ba]" started-at="2020-12-06T15:25:30Z" name="deleteSingleContact" finished-at="2020-12-06T15:25:44Z" duration-ms="13221" status="PASS">
          <reporter-output>
          </reporter-output>
        </test-method> <!-- deleteSingleContact -->
        <test-method is-config="true" signature="tearDown()[pri:0, instance:com.test.freecrm.qa.testcases.ContactPageTestCases@530612ba]" started-at="2020-12-06T15:25:44Z" name="tearDown" finished-at="2020-12-06T15:25:45Z" duration-ms="808" status="PASS">
          <reporter-output>
          </reporter-output>
        </test-method> <!-- tearDown -->
      </class> <!-- com.test.freecrm.qa.testcases.ContactPageTestCases -->
    </test> <!-- Free CRM App Test Cases -->
  </suite> <!-- FREE CRM Application Test Automation Test Suite -->
</testng-results>
