<?xml version="1.0" encoding="UTF-8"?>
<testng-results ignored="0" total="32" passed="32" failed="0" skipped="0">
  <reporter-output>
  </reporter-output>
  <suite started-at="2020-12-04T17:06:17Z" name="FREE CRM Application Test Automation Test Suite" finished-at="2020-12-04T17:16:02Z" duration-ms="585402">
    <groups>
    </groups>
    <test started-at="2020-12-04T17:06:17Z" name="Free CRM App Test Cases" finished-at="2020-12-04T17:16:02Z" duration-ms="585402">
      <class name="com.test.freecrm.qa.testcases.LoginPageTestCases">
        <test-method is-config="true" signature="setup()[pri:0, instance:com.test.freecrm.qa.testcases.LoginPageTestCases@6e509ffa]" started-at="2020-12-04T22:36:17Z" name="setup" finished-at="2020-12-04T22:36:33Z" duration-ms="16294" status="PASS">
          <reporter-output>
          </reporter-output>
        </test-method> <!-- setup -->
        <test-method signature="TitleTest()[pri:1, instance:com.test.freecrm.qa.testcases.LoginPageTestCases@6e509ffa]" started-at="2020-12-04T22:36:33Z" name="TitleTest" finished-at="2020-12-04T22:36:33Z" duration-ms="10" status="PASS">
          <reporter-output>
          </reporter-output>
        </test-method> <!-- TitleTest -->
        <test-method is-config="true" signature="tearDown()[pri:0, instance:com.test.freecrm.qa.testcases.LoginPageTestCases@6e509ffa]" started-at="2020-12-04T22:36:33Z" name="tearDown" finished-at="2020-12-04T22:36:34Z" duration-ms="650" status="PASS">
          <reporter-output>
          </reporter-output>
        </test-method> <!-- tearDown -->
        <test-method is-config="true" signature="setup()[pri:0, instance:com.test.freecrm.qa.testcases.LoginPageTestCases@6e509ffa]" started-at="2020-12-04T22:37:02Z" name="setup" finished-at="2020-12-04T22:37:15Z" duration-ms="12935" status="PASS">
          <reporter-output>
          </reporter-output>
        </test-method> <!-- setup -->
        <test-method signature="notificationIconIsDisplayedTest()[pri:2, instance:com.test.freecrm.qa.testcases.LoginPageTestCases@6e509ffa]" started-at="2020-12-04T22:37:15Z" name="notificationIconIsDisplayedTest" finished-at="2020-12-04T22:37:15Z" duration-ms="22" status="PASS">
          <reporter-output>
          </reporter-output>
        </test-method> <!-- notificationIconIsDisplayedTest -->
        <test-method is-config="true" signature="tearDown()[pri:0, instance:com.test.freecrm.qa.testcases.LoginPageTestCases@6e509ffa]" started-at="2020-12-04T22:37:15Z" name="tearDown" finished-at="2020-12-04T22:37:16Z" duration-ms="677" status="PASS">
          <reporter-output>
          </reporter-output>
        </test-method> <!-- tearDown -->
        <test-method is-config="true" signature="setup()[pri:0, instance:com.test.freecrm.qa.testcases.LoginPageTestCases@6e509ffa]" started-at="2020-12-04T22:37:50Z" name="setup" finished-at="2020-12-04T22:38:03Z" duration-ms="12496" status="PASS">
          <reporter-output>
          </reporter-output>
        </test-method> <!-- setup -->
        <test-method signature="forgotPasswordTest()[pri:3, instance:com.test.freecrm.qa.testcases.LoginPageTestCases@6e509ffa]" started-at="2020-12-04T22:38:03Z" name="forgotPasswordTest" finished-at="2020-12-04T22:38:04Z" duration-ms="1409" status="PASS">
          <reporter-output>
          </reporter-output>
        </test-method> <!-- forgotPasswordTest -->
        <test-method is-config="true" signature="tearDown()[pri:0, instance:com.test.freecrm.qa.testcases.LoginPageTestCases@6e509ffa]" started-at="2020-12-04T22:38:04Z" name="tearDown" finished-at="2020-12-04T22:38:05Z" duration-ms="661" status="PASS">
          <reporter-output>
          </reporter-output>
        </test-method> <!-- tearDown -->
        <test-method is-config="true" signature="setup()[pri:0, instance:com.test.freecrm.qa.testcases.LoginPageTestCases@6e509ffa]" started-at="2020-12-04T22:38:51Z" name="setup" finished-at="2020-12-04T22:39:03Z" duration-ms="12084" status="PASS">
          <reporter-output>
          </reporter-output>
        </test-method> <!-- setup -->
        <test-method signature="classicCRMTest()[pri:4, instance:com.test.freecrm.qa.testcases.LoginPageTestCases@6e509ffa]" started-at="2020-12-04T22:39:03Z" name="classicCRMTest" finished-at="2020-12-04T22:39:09Z" duration-ms="6509" status="PASS">
          <reporter-output>
          </reporter-output>
        </test-method> <!-- classicCRMTest -->
        <test-method is-config="true" signature="tearDown()[pri:0, instance:com.test.freecrm.qa.testcases.LoginPageTestCases@6e509ffa]" started-at="2020-12-04T22:39:09Z" name="tearDown" finished-at="2020-12-04T22:39:10Z" duration-ms="673" status="PASS">
          <reporter-output>
          </reporter-output>
        </test-method> <!-- tearDown -->
        <test-method is-config="true" signature="setup()[pri:0, instance:com.test.freecrm.qa.testcases.LoginPageTestCases@6e509ffa]" started-at="2020-12-04T22:39:40Z" name="setup" finished-at="2020-12-04T22:39:55Z" duration-ms="14069" status="PASS">
          <reporter-output>
          </reporter-output>
        </test-method> <!-- setup -->
        <test-method signature="signUpTest()[pri:5, instance:com.test.freecrm.qa.testcases.LoginPageTestCases@6e509ffa]" started-at="2020-12-04T22:39:55Z" name="signUpTest" finished-at="2020-12-04T22:39:58Z" duration-ms="3046" status="PASS">
          <reporter-output>
          </reporter-output>
        </test-method> <!-- signUpTest -->
        <test-method is-config="true" signature="tearDown()[pri:0, instance:com.test.freecrm.qa.testcases.LoginPageTestCases@6e509ffa]" started-at="2020-12-04T22:39:58Z" name="tearDown" finished-at="2020-12-04T22:39:58Z" duration-ms="666" status="PASS">
          <reporter-output>
          </reporter-output>
        </test-method> <!-- tearDown -->
        <test-method is-config="true" signature="setup()[pri:0, instance:com.test.freecrm.qa.testcases.LoginPageTestCases@6e509ffa]" started-at="2020-12-04T22:40:48Z" name="setup" finished-at="2020-12-04T22:41:03Z" duration-ms="15264" status="PASS">
          <reporter-output>
          </reporter-output>
        </test-method> <!-- setup -->
        <test-method signature="loginTest()[pri:6, instance:com.test.freecrm.qa.testcases.LoginPageTestCases@6e509ffa]" started-at="2020-12-04T22:41:03Z" name="loginTest" finished-at="2020-12-04T22:41:04Z" duration-ms="248" status="PASS">
          <reporter-output>
          </reporter-output>
        </test-method> <!-- loginTest -->
        <test-method is-config="true" signature="tearDown()[pri:0, instance:com.test.freecrm.qa.testcases.LoginPageTestCases@6e509ffa]" started-at="2020-12-04T22:41:04Z" name="tearDown" finished-at="2020-12-04T22:41:04Z" duration-ms="702" status="PASS">
          <reporter-output>
          </reporter-output>
        </test-method> <!-- tearDown -->
      </class> <!-- com.test.freecrm.qa.testcases.LoginPageTestCases -->
      <class name="com.test.freecrm.qa.testcases.ContactPageTestCases">
        <test-method is-config="true" signature="setUp()[pri:0, instance:com.test.freecrm.qa.testcases.ContactPageTestCases@683dbc2c]" started-at="2020-12-04T22:36:47Z" name="setUp" finished-at="2020-12-04T22:37:01Z" duration-ms="14455" status="PASS">
          <reporter-output>
          </reporter-output>
        </test-method> <!-- setUp -->
        <test-method signature="contactsLabelDisplayed()[pri:1, instance:com.test.freecrm.qa.testcases.ContactPageTestCases@683dbc2c]" started-at="2020-12-04T22:37:01Z" name="contactsLabelDisplayed" finished-at="2020-12-04T22:37:01Z" duration-ms="22" status="PASS">
          <reporter-output>
          </reporter-output>
        </test-method> <!-- contactsLabelDisplayed -->
        <test-method is-config="true" signature="tearDown()[pri:0, instance:com.test.freecrm.qa.testcases.ContactPageTestCases@683dbc2c]" started-at="2020-12-04T22:37:01Z" name="tearDown" finished-at="2020-12-04T22:37:02Z" duration-ms="667" status="PASS">
          <reporter-output>
          </reporter-output>
        </test-method> <!-- tearDown -->
        <test-method is-config="true" signature="setUp()[pri:0, instance:com.test.freecrm.qa.testcases.ContactPageTestCases@683dbc2c]" started-at="2020-12-04T22:37:31Z" name="setUp" finished-at="2020-12-04T22:37:48Z" duration-ms="17646" status="PASS">
          <reporter-output>
          </reporter-output>
        </test-method> <!-- setUp -->
        <test-method signature="selectCheckBoxTest()[pri:2, instance:com.test.freecrm.qa.testcases.ContactPageTestCases@683dbc2c]" started-at="2020-12-04T22:37:48Z" name="selectCheckBoxTest" finished-at="2020-12-04T22:37:49Z" duration-ms="978" status="PASS">
          <reporter-output>
          </reporter-output>
        </test-method> <!-- selectCheckBoxTest -->
        <test-method is-config="true" signature="tearDown()[pri:0, instance:com.test.freecrm.qa.testcases.ContactPageTestCases@683dbc2c]" started-at="2020-12-04T22:37:49Z" name="tearDown" finished-at="2020-12-04T22:37:50Z" duration-ms="681" status="PASS">
          <reporter-output>
          </reporter-output>
        </test-method> <!-- tearDown -->
        <test-method is-config="true" signature="setUp()[pri:0, instance:com.test.freecrm.qa.testcases.ContactPageTestCases@683dbc2c]" started-at="2020-12-04T22:38:34Z" name="setUp" finished-at="2020-12-04T22:38:48Z" duration-ms="13864" status="PASS">
          <reporter-output>
          </reporter-output>
        </test-method> <!-- setUp -->
        <test-method signature="selectCheckBoxTest2()[pri:3, instance:com.test.freecrm.qa.testcases.ContactPageTestCases@683dbc2c]" started-at="2020-12-04T22:38:48Z" name="selectCheckBoxTest2" finished-at="2020-12-04T22:38:50Z" duration-ms="1496" status="PASS">
          <reporter-output>
          </reporter-output>
        </test-method> <!-- selectCheckBoxTest2 -->
        <test-method is-config="true" signature="tearDown()[pri:0, instance:com.test.freecrm.qa.testcases.ContactPageTestCases@683dbc2c]" started-at="2020-12-04T22:38:50Z" name="tearDown" finished-at="2020-12-04T22:38:51Z" duration-ms="673" status="PASS">
          <reporter-output>
          </reporter-output>
        </test-method> <!-- tearDown -->
        <test-method is-config="true" signature="setUp()[pri:0, instance:com.test.freecrm.qa.testcases.ContactPageTestCases@683dbc2c]" started-at="2020-12-04T22:39:24Z" name="setUp" finished-at="2020-12-04T22:39:39Z" duration-ms="14651" status="PASS">
          <reporter-output>
          </reporter-output>
        </test-method> <!-- setUp -->
        <test-method signature="selectMultipleCheckBoxTest()[pri:4, instance:com.test.freecrm.qa.testcases.ContactPageTestCases@683dbc2c]" started-at="2020-12-04T22:39:39Z" name="selectMultipleCheckBoxTest" finished-at="2020-12-04T22:39:40Z" duration-ms="1107" status="PASS">
          <reporter-output>
          </reporter-output>
        </test-method> <!-- selectMultipleCheckBoxTest -->
        <test-method is-config="true" signature="tearDown()[pri:0, instance:com.test.freecrm.qa.testcases.ContactPageTestCases@683dbc2c]" started-at="2020-12-04T22:39:40Z" name="tearDown" finished-at="2020-12-04T22:39:40Z" duration-ms="719" status="PASS">
          <reporter-output>
          </reporter-output>
        </test-method> <!-- tearDown -->
        <test-method is-config="true" signature="setUp()[pri:0, instance:com.test.freecrm.qa.testcases.ContactPageTestCases@683dbc2c]" started-at="2020-12-04T22:40:30Z" name="setUp" finished-at="2020-12-04T22:40:43Z" duration-ms="13738" status="PASS">
          <reporter-output>
          </reporter-output>
        </test-method> <!-- setUp -->
        <test-method signature="clickCreateNewContact()[pri:5, instance:com.test.freecrm.qa.testcases.ContactPageTestCases@683dbc2c]" started-at="2020-12-04T22:40:43Z" name="clickCreateNewContact" finished-at="2020-12-04T22:40:48Z" duration-ms="4217" status="PASS">
          <reporter-output>
          </reporter-output>
        </test-method> <!-- clickCreateNewContact -->
        <test-method is-config="true" signature="tearDown()[pri:0, instance:com.test.freecrm.qa.testcases.ContactPageTestCases@683dbc2c]" started-at="2020-12-04T22:40:48Z" name="tearDown" finished-at="2020-12-04T22:40:48Z" duration-ms="697" status="PASS">
          <reporter-output>
          </reporter-output>
        </test-method> <!-- tearDown -->
        <test-method is-config="true" signature="setUp()[pri:0, instance:com.test.freecrm.qa.testcases.ContactPageTestCases@683dbc2c]" started-at="2020-12-04T22:41:19Z" name="setUp" finished-at="2020-12-04T22:41:32Z" duration-ms="13472" status="PASS">
          <reporter-output>
          </reporter-output>
        </test-method> <!-- setUp -->
        <test-method signature="createSingleContactTest()[pri:6, instance:com.test.freecrm.qa.testcases.ContactPageTestCases@683dbc2c]" started-at="2020-12-04T22:41:32Z" name="createSingleContactTest" finished-at="2020-12-04T22:41:41Z" duration-ms="9294" status="PASS">
          <reporter-output>
          </reporter-output>
        </test-method> <!-- createSingleContactTest -->
        <test-method is-config="true" signature="tearDown()[pri:0, instance:com.test.freecrm.qa.testcases.ContactPageTestCases@683dbc2c]" started-at="2020-12-04T22:41:41Z" name="tearDown" finished-at="2020-12-04T22:41:42Z" duration-ms="680" status="PASS">
          <reporter-output>
          </reporter-output>
        </test-method> <!-- tearDown -->
        <test-method is-config="true" signature="setUp()[pri:0, instance:com.test.freecrm.qa.testcases.ContactPageTestCases@683dbc2c]" started-at="2020-12-04T22:41:58Z" name="setUp" finished-at="2020-12-04T22:42:12Z" duration-ms="13556" status="PASS">
          <reporter-output>
          </reporter-output>
        </test-method> <!-- setUp -->
        <test-method signature="createMultipleNewUser(java.lang.String, java.lang.String, java.lang.String, java.lang.String, java.lang.String, java.lang.String, java.lang.String, java.lang.String, java.lang.String)[pri:7, instance:com.test.freecrm.qa.testcases.ContactPageTestCases@683dbc2c]" started-at="2020-12-04T22:42:12Z" name="createMultipleNewUser" data-provider="getFreeCRMtestData" finished-at="2020-12-04T22:42:22Z" duration-ms="10077" status="PASS">
          <params>
            <param index="0">
              <value>
                <![CDATA[rohan]]>
              </value>
            </param>
            <param index="1">
              <value>
                <![CDATA[m]]>
              </value>
            </param>
            <param index="2">
              <value>
                <![CDATA[manju]]>
              </value>
            </param>
            <param index="3">
              <value>
                <![CDATA[amazom]]>
              </value>
            </param>
            <param index="4">
              <value>
                <![CDATA[abc@gmail.com]]>
              </value>
            </param>
            <param index="5">
              <value>
                <![CDATA[Lead]]>
              </value>
            </param>
            <param index="6">
              <value>
                <![CDATA[New]]>
              </value>
            </param>
            <param index="7">
              <value>
                <![CDATA[This is an automated user created]]>
              </value>
            </param>
            <param index="8">
              <value>
                <![CDATA[QA Automation Engineer]]>
              </value>
            </param>
          </params>
          <reporter-output>
          </reporter-output>
        </test-method> <!-- createMultipleNewUser -->
        <test-method is-config="true" signature="tearDown()[pri:0, instance:com.test.freecrm.qa.testcases.ContactPageTestCases@683dbc2c]" started-at="2020-12-04T22:42:22Z" name="tearDown" finished-at="2020-12-04T22:42:22Z" duration-ms="676" status="PASS">
          <reporter-output>
          </reporter-output>
        </test-method> <!-- tearDown -->
        <test-method is-config="true" signature="setUp()[pri:0, instance:com.test.freecrm.qa.testcases.ContactPageTestCases@683dbc2c]" started-at="2020-12-04T22:42:22Z" name="setUp" finished-at="2020-12-04T22:42:36Z" duration-ms="13580" status="PASS">
          <reporter-output>
          </reporter-output>
        </test-method> <!-- setUp -->
        <test-method signature="createMultipleNewUser(java.lang.String, java.lang.String, java.lang.String, java.lang.String, java.lang.String, java.lang.String, java.lang.String, java.lang.String, java.lang.String)[pri:7, instance:com.test.freecrm.qa.testcases.ContactPageTestCases@683dbc2c]" started-at="2020-12-04T22:42:36Z" name="createMultipleNewUser" data-provider="getFreeCRMtestData" finished-at="2020-12-04T22:42:45Z" duration-ms="9167" status="PASS">
          <params>
            <param index="0">
              <value>
                <![CDATA[User2]]>
              </value>
            </param>
            <param index="1">
              <value>
                <![CDATA[test]]>
              </value>
            </param>
            <param index="2">
              <value>
                <![CDATA[what]]>
              </value>
            </param>
            <param index="3">
              <value>
                <![CDATA[jobless]]>
              </value>
            </param>
            <param index="4">
              <value>
                <![CDATA[test@google.com]]>
              </value>
            </param>
            <param index="5">
              <value>
                <![CDATA[Contact]]>
              </value>
            </param>
            <param index="6">
              <value>
                <![CDATA[Inactive]]>
              </value>
            </param>
            <param index="7">
              <value>
                <![CDATA[just for test]]>
              </value>
            </param>
            <param index="8">
              <value>
                <![CDATA[Lead engineer]]>
              </value>
            </param>
          </params>
          <reporter-output>
          </reporter-output>
        </test-method> <!-- createMultipleNewUser -->
        <test-method is-config="true" signature="tearDown()[pri:0, instance:com.test.freecrm.qa.testcases.ContactPageTestCases@683dbc2c]" started-at="2020-12-04T22:42:45Z" name="tearDown" finished-at="2020-12-04T22:42:46Z" duration-ms="676" status="PASS">
          <reporter-output>
          </reporter-output>
        </test-method> <!-- tearDown -->
        <test-method is-config="true" signature="setUp()[pri:0, instance:com.test.freecrm.qa.testcases.ContactPageTestCases@683dbc2c]" started-at="2020-12-04T22:42:46Z" name="setUp" finished-at="2020-12-04T22:42:59Z" duration-ms="13575" status="PASS">
          <reporter-output>
          </reporter-output>
        </test-method> <!-- setUp -->
        <test-method signature="createMultipleNewUser(java.lang.String, java.lang.String, java.lang.String, java.lang.String, java.lang.String, java.lang.String, java.lang.String, java.lang.String, java.lang.String)[pri:7, instance:com.test.freecrm.qa.testcases.ContactPageTestCases@683dbc2c]" started-at="2020-12-04T22:42:59Z" name="createMultipleNewUser" data-provider="getFreeCRMtestData" finished-at="2020-12-04T22:43:08Z" duration-ms="8904" status="PASS">
          <params>
            <param index="0">
              <value>
                <![CDATA[rahul]]>
              </value>
            </param>
            <param index="1">
              <value>
                <![CDATA[madhav]]>
              </value>
            </param>
            <param index="2">
              <value>
                <![CDATA[kiran]]>
              </value>
            </param>
            <param index="3">
              <value>
                <![CDATA[o9 ]]>
              </value>
            </param>
            <param index="4">
              <value>
                <![CDATA[test@o9.com]]>
              </value>
            </param>
            <param index="5">
              <value>
                <![CDATA[Customer]]>
              </value>
            </param>
            <param index="6">
              <value>
                <![CDATA[Active]]>
              </value>
            </param>
            <param index="7">
              <value>
                <![CDATA[test]]>
              </value>
            </param>
            <param index="8">
              <value>
                <![CDATA[Software developer]]>
              </value>
            </param>
          </params>
          <reporter-output>
          </reporter-output>
        </test-method> <!-- createMultipleNewUser -->
        <test-method is-config="true" signature="tearDown()[pri:0, instance:com.test.freecrm.qa.testcases.ContactPageTestCases@683dbc2c]" started-at="2020-12-04T22:43:08Z" name="tearDown" finished-at="2020-12-04T22:43:09Z" duration-ms="683" status="PASS">
          <reporter-output>
          </reporter-output>
        </test-method> <!-- tearDown -->
        <test-method is-config="true" signature="setUp()[pri:0, instance:com.test.freecrm.qa.testcases.ContactPageTestCases@683dbc2c]" started-at="2020-12-04T22:43:25Z" name="setUp" finished-at="2020-12-04T22:43:38Z" duration-ms="13051" status="PASS">
          <reporter-output>
          </reporter-output>
        </test-method> <!-- setUp -->
        <test-method signature="deleteMultipleContactTest(java.lang.String, java.lang.String, java.lang.String, java.lang.String, java.lang.String, java.lang.String, java.lang.String, java.lang.String, java.lang.String)[pri:8, instance:com.test.freecrm.qa.testcases.ContactPageTestCases@683dbc2c]" started-at="2020-12-04T22:43:38Z" name="deleteMultipleContactTest" data-provider="getFreeCRMtestData" finished-at="2020-12-04T22:43:51Z" duration-ms="13006" status="PASS">
          <params>
            <param index="0">
              <value>
                <![CDATA[rohan]]>
              </value>
            </param>
            <param index="1">
              <value>
                <![CDATA[m]]>
              </value>
            </param>
            <param index="2">
              <value>
                <![CDATA[manju]]>
              </value>
            </param>
            <param index="3">
              <value>
                <![CDATA[amazom]]>
              </value>
            </param>
            <param index="4">
              <value>
                <![CDATA[abc@gmail.com]]>
              </value>
            </param>
            <param index="5">
              <value>
                <![CDATA[Lead]]>
              </value>
            </param>
            <param index="6">
              <value>
                <![CDATA[New]]>
              </value>
            </param>
            <param index="7">
              <value>
                <![CDATA[This is an automated user created]]>
              </value>
            </param>
            <param index="8">
              <value>
                <![CDATA[QA Automation Engineer]]>
              </value>
            </param>
          </params>
          <reporter-output>
          </reporter-output>
        </test-method> <!-- deleteMultipleContactTest -->
        <test-method is-config="true" signature="tearDown()[pri:0, instance:com.test.freecrm.qa.testcases.ContactPageTestCases@683dbc2c]" started-at="2020-12-04T22:43:51Z" name="tearDown" finished-at="2020-12-04T22:43:52Z" duration-ms="696" status="PASS">
          <reporter-output>
          </reporter-output>
        </test-method> <!-- tearDown -->
        <test-method is-config="true" signature="setUp()[pri:0, instance:com.test.freecrm.qa.testcases.ContactPageTestCases@683dbc2c]" started-at="2020-12-04T22:43:52Z" name="setUp" finished-at="2020-12-04T22:44:05Z" duration-ms="13385" status="PASS">
          <reporter-output>
          </reporter-output>
        </test-method> <!-- setUp -->
        <test-method signature="deleteMultipleContactTest(java.lang.String, java.lang.String, java.lang.String, java.lang.String, java.lang.String, java.lang.String, java.lang.String, java.lang.String, java.lang.String)[pri:8, instance:com.test.freecrm.qa.testcases.ContactPageTestCases@683dbc2c]" started-at="2020-12-04T22:44:05Z" name="deleteMultipleContactTest" data-provider="getFreeCRMtestData" finished-at="2020-12-04T22:44:18Z" duration-ms="13050" status="PASS">
          <params>
            <param index="0">
              <value>
                <![CDATA[User2]]>
              </value>
            </param>
            <param index="1">
              <value>
                <![CDATA[test]]>
              </value>
            </param>
            <param index="2">
              <value>
                <![CDATA[what]]>
              </value>
            </param>
            <param index="3">
              <value>
                <![CDATA[jobless]]>
              </value>
            </param>
            <param index="4">
              <value>
                <![CDATA[test@google.com]]>
              </value>
            </param>
            <param index="5">
              <value>
                <![CDATA[Contact]]>
              </value>
            </param>
            <param index="6">
              <value>
                <![CDATA[Inactive]]>
              </value>
            </param>
            <param index="7">
              <value>
                <![CDATA[just for test]]>
              </value>
            </param>
            <param index="8">
              <value>
                <![CDATA[Lead engineer]]>
              </value>
            </param>
          </params>
          <reporter-output>
          </reporter-output>
        </test-method> <!-- deleteMultipleContactTest -->
        <test-method is-config="true" signature="tearDown()[pri:0, instance:com.test.freecrm.qa.testcases.ContactPageTestCases@683dbc2c]" started-at="2020-12-04T22:44:18Z" name="tearDown" finished-at="2020-12-04T22:44:19Z" duration-ms="669" status="PASS">
          <reporter-output>
          </reporter-output>
        </test-method> <!-- tearDown -->
        <test-method is-config="true" signature="setUp()[pri:0, instance:com.test.freecrm.qa.testcases.ContactPageTestCases@683dbc2c]" started-at="2020-12-04T22:44:19Z" name="setUp" finished-at="2020-12-04T22:44:33Z" duration-ms="14016" status="PASS">
          <reporter-output>
          </reporter-output>
        </test-method> <!-- setUp -->
        <test-method signature="deleteMultipleContactTest(java.lang.String, java.lang.String, java.lang.String, java.lang.String, java.lang.String, java.lang.String, java.lang.String, java.lang.String, java.lang.String)[pri:8, instance:com.test.freecrm.qa.testcases.ContactPageTestCases@683dbc2c]" started-at="2020-12-04T22:44:33Z" name="deleteMultipleContactTest" data-provider="getFreeCRMtestData" finished-at="2020-12-04T22:44:46Z" duration-ms="13094" status="PASS">
          <params>
            <param index="0">
              <value>
                <![CDATA[rahul]]>
              </value>
            </param>
            <param index="1">
              <value>
                <![CDATA[madhav]]>
              </value>
            </param>
            <param index="2">
              <value>
                <![CDATA[kiran]]>
              </value>
            </param>
            <param index="3">
              <value>
                <![CDATA[o9 ]]>
              </value>
            </param>
            <param index="4">
              <value>
                <![CDATA[test@o9.com]]>
              </value>
            </param>
            <param index="5">
              <value>
                <![CDATA[Customer]]>
              </value>
            </param>
            <param index="6">
              <value>
                <![CDATA[Active]]>
              </value>
            </param>
            <param index="7">
              <value>
                <![CDATA[test]]>
              </value>
            </param>
            <param index="8">
              <value>
                <![CDATA[Software developer]]>
              </value>
            </param>
          </params>
          <reporter-output>
          </reporter-output>
        </test-method> <!-- deleteMultipleContactTest -->
        <test-method is-config="true" signature="tearDown()[pri:0, instance:com.test.freecrm.qa.testcases.ContactPageTestCases@683dbc2c]" started-at="2020-12-04T22:44:46Z" name="tearDown" finished-at="2020-12-04T22:44:46Z" duration-ms="683" status="PASS">
          <reporter-output>
          </reporter-output>
        </test-method> <!-- tearDown -->
        <test-method is-config="true" signature="setUp()[pri:0, instance:com.test.freecrm.qa.testcases.ContactPageTestCases@683dbc2c]" started-at="2020-12-04T22:45:01Z" name="setUp" finished-at="2020-12-04T22:45:14Z" duration-ms="13654" status="PASS">
          <reporter-output>
          </reporter-output>
        </test-method> <!-- setUp -->
        <test-method signature="deleteSingleContact()[pri:9, instance:com.test.freecrm.qa.testcases.ContactPageTestCases@683dbc2c]" started-at="2020-12-04T22:45:14Z" name="deleteSingleContact" finished-at="2020-12-04T22:45:28Z" duration-ms="13549" status="PASS">
          <reporter-output>
          </reporter-output>
        </test-method> <!-- deleteSingleContact -->
        <test-method is-config="true" signature="tearDown()[pri:0, instance:com.test.freecrm.qa.testcases.ContactPageTestCases@683dbc2c]" started-at="2020-12-04T22:45:28Z" name="tearDown" finished-at="2020-12-04T22:45:29Z" duration-ms="676" status="PASS">
          <reporter-output>
          </reporter-output>
        </test-method> <!-- tearDown -->
      </class> <!-- com.test.freecrm.qa.testcases.ContactPageTestCases -->
      <class name="com.test.freecrm.qa.testcases.HomePageTestCases">
        <test-method is-config="true" signature="setup()[pri:0, instance:com.test.freecrm.qa.testcases.HomePageTestCases@2898ac89]" started-at="2020-12-04T22:36:34Z" name="setup" finished-at="2020-12-04T22:36:46Z" duration-ms="12326" status="PASS">
          <reporter-output>
          </reporter-output>
        </test-method> <!-- setup -->
        <test-method signature="validateTitleTest()[pri:1, instance:com.test.freecrm.qa.testcases.HomePageTestCases@2898ac89]" started-at="2020-12-04T22:36:46Z" name="validateTitleTest" finished-at="2020-12-04T22:36:46Z" duration-ms="6" status="PASS">
          <reporter-output>
          </reporter-output>
        </test-method> <!-- validateTitleTest -->
        <test-method is-config="true" signature="tearDown()[pri:0, instance:com.test.freecrm.qa.testcases.HomePageTestCases@2898ac89]" started-at="2020-12-04T22:36:46Z" name="tearDown" finished-at="2020-12-04T22:36:47Z" duration-ms="653" status="PASS">
          <reporter-output>
          </reporter-output>
        </test-method> <!-- tearDown -->
        <test-method is-config="true" signature="setup()[pri:0, instance:com.test.freecrm.qa.testcases.HomePageTestCases@2898ac89]" started-at="2020-12-04T22:37:16Z" name="setup" finished-at="2020-12-04T22:37:28Z" duration-ms="12591" status="PASS">
          <reporter-output>
          </reporter-output>
        </test-method> <!-- setup -->
        <test-method signature="validateUserProfileTest()[pri:2, instance:com.test.freecrm.qa.testcases.HomePageTestCases@2898ac89]" started-at="2020-12-04T22:37:28Z" name="validateUserProfileTest" finished-at="2020-12-04T22:37:30Z" duration-ms="1884" status="PASS">
          <reporter-output>
          </reporter-output>
        </test-method> <!-- validateUserProfileTest -->
        <test-method is-config="true" signature="tearDown()[pri:0, instance:com.test.freecrm.qa.testcases.HomePageTestCases@2898ac89]" started-at="2020-12-04T22:37:30Z" name="tearDown" finished-at="2020-12-04T22:37:31Z" duration-ms="660" status="PASS">
          <reporter-output>
          </reporter-output>
        </test-method> <!-- tearDown -->
        <test-method is-config="true" signature="setup()[pri:0, instance:com.test.freecrm.qa.testcases.HomePageTestCases@2898ac89]" started-at="2020-12-04T22:38:05Z" name="setup" finished-at="2020-12-04T22:38:18Z" duration-ms="13017" status="PASS">
          <reporter-output>
          </reporter-output>
        </test-method> <!-- setup -->
        <test-method signature="calendarClickTest()[pri:3, instance:com.test.freecrm.qa.testcases.HomePageTestCases@2898ac89]" started-at="2020-12-04T22:38:18Z" name="calendarClickTest" finished-at="2020-12-04T22:38:19Z" duration-ms="1506" status="PASS">
          <reporter-output>
          </reporter-output>
        </test-method> <!-- calendarClickTest -->
        <test-method is-config="true" signature="tearDown()[pri:0, instance:com.test.freecrm.qa.testcases.HomePageTestCases@2898ac89]" started-at="2020-12-04T22:38:19Z" name="tearDown" finished-at="2020-12-04T22:38:20Z" duration-ms="674" status="PASS">
          <reporter-output>
          </reporter-output>
        </test-method> <!-- tearDown -->
        <test-method is-config="true" signature="setup()[pri:0, instance:com.test.freecrm.qa.testcases.HomePageTestCases@2898ac89]" started-at="2020-12-04T22:38:20Z" name="setup" finished-at="2020-12-04T22:38:32Z" duration-ms="12581" status="PASS">
          <reporter-output>
          </reporter-output>
        </test-method> <!-- setup -->
        <test-method signature="contactClickTest()[pri:3, instance:com.test.freecrm.qa.testcases.HomePageTestCases@2898ac89]" started-at="2020-12-04T22:38:32Z" name="contactClickTest" finished-at="2020-12-04T22:38:34Z" duration-ms="1339" status="PASS">
          <reporter-output>
          </reporter-output>
        </test-method> <!-- contactClickTest -->
        <test-method is-config="true" signature="tearDown()[pri:0, instance:com.test.freecrm.qa.testcases.HomePageTestCases@2898ac89]" started-at="2020-12-04T22:38:34Z" name="tearDown" finished-at="2020-12-04T22:38:34Z" duration-ms="653" status="PASS">
          <reporter-output>
          </reporter-output>
        </test-method> <!-- tearDown -->
        <test-method is-config="true" signature="setup()[pri:0, instance:com.test.freecrm.qa.testcases.HomePageTestCases@2898ac89]" started-at="2020-12-04T22:39:10Z" name="setup" finished-at="2020-12-04T22:39:22Z" duration-ms="12253" status="PASS">
          <reporter-output>
          </reporter-output>
        </test-method> <!-- setup -->
        <test-method signature="companiesClickTest()[pri:4, instance:com.test.freecrm.qa.testcases.HomePageTestCases@2898ac89]" started-at="2020-12-04T22:39:22Z" name="companiesClickTest" finished-at="2020-12-04T22:39:23Z" duration-ms="1327" status="PASS">
          <reporter-output>
          </reporter-output>
        </test-method> <!-- companiesClickTest -->
        <test-method is-config="true" signature="tearDown()[pri:0, instance:com.test.freecrm.qa.testcases.HomePageTestCases@2898ac89]" started-at="2020-12-04T22:39:23Z" name="tearDown" finished-at="2020-12-04T22:39:24Z" duration-ms="657" status="PASS">
          <reporter-output>
          </reporter-output>
        </test-method> <!-- tearDown -->
        <test-method is-config="true" signature="setup()[pri:0, instance:com.test.freecrm.qa.testcases.HomePageTestCases@2898ac89]" started-at="2020-12-04T22:39:58Z" name="setup" finished-at="2020-12-04T22:40:12Z" duration-ms="14197" status="PASS">
          <reporter-output>
          </reporter-output>
        </test-method> <!-- setup -->
        <test-method signature="TaskClickTest()[pri:5, instance:com.test.freecrm.qa.testcases.HomePageTestCases@2898ac89]" started-at="2020-12-04T22:40:12Z" name="TaskClickTest" finished-at="2020-12-04T22:40:14Z" duration-ms="1335" status="PASS">
          <reporter-output>
          </reporter-output>
        </test-method> <!-- TaskClickTest -->
        <test-method is-config="true" signature="tearDown()[pri:0, instance:com.test.freecrm.qa.testcases.HomePageTestCases@2898ac89]" started-at="2020-12-04T22:40:14Z" name="tearDown" finished-at="2020-12-04T22:40:14Z" duration-ms="649" status="PASS">
          <reporter-output>
          </reporter-output>
        </test-method> <!-- tearDown -->
        <test-method is-config="true" signature="setup()[pri:0, instance:com.test.freecrm.qa.testcases.HomePageTestCases@2898ac89]" started-at="2020-12-04T22:40:14Z" name="setup" finished-at="2020-12-04T22:40:27Z" duration-ms="12900" status="PASS">
          <reporter-output>
          </reporter-output>
        </test-method> <!-- setup -->
        <test-method signature="dealClickTest()[pri:5, instance:com.test.freecrm.qa.testcases.HomePageTestCases@2898ac89]" started-at="2020-12-04T22:40:27Z" name="dealClickTest" finished-at="2020-12-04T22:40:29Z" duration-ms="1517" status="PASS">
          <reporter-output>
          </reporter-output>
        </test-method> <!-- dealClickTest -->
        <test-method is-config="true" signature="tearDown()[pri:0, instance:com.test.freecrm.qa.testcases.HomePageTestCases@2898ac89]" started-at="2020-12-04T22:40:29Z" name="tearDown" finished-at="2020-12-04T22:40:30Z" duration-ms="672" status="PASS">
          <reporter-output>
          </reporter-output>
        </test-method> <!-- tearDown -->
        <test-method is-config="true" signature="setup()[pri:0, instance:com.test.freecrm.qa.testcases.HomePageTestCases@2898ac89]" started-at="2020-12-04T22:41:04Z" name="setup" finished-at="2020-12-04T22:41:17Z" duration-ms="12177" status="PASS">
          <reporter-output>
          </reporter-output>
        </test-method> <!-- setup -->
        <test-method signature="caseClickTest()[pri:6, instance:com.test.freecrm.qa.testcases.HomePageTestCases@2898ac89]" started-at="2020-12-04T22:41:17Z" name="caseClickTest" finished-at="2020-12-04T22:41:18Z" duration-ms="1356" status="PASS">
          <reporter-output>
          </reporter-output>
        </test-method> <!-- caseClickTest -->
        <test-method is-config="true" signature="tearDown()[pri:0, instance:com.test.freecrm.qa.testcases.HomePageTestCases@2898ac89]" started-at="2020-12-04T22:41:18Z" name="tearDown" finished-at="2020-12-04T22:41:19Z" duration-ms="658" status="PASS">
          <reporter-output>
          </reporter-output>
        </test-method> <!-- tearDown -->
        <test-method is-config="true" signature="setup()[pri:0, instance:com.test.freecrm.qa.testcases.HomePageTestCases@2898ac89]" started-at="2020-12-04T22:41:42Z" name="setup" finished-at="2020-12-04T22:41:56Z" duration-ms="13535" status="PASS">
          <reporter-output>
          </reporter-output>
        </test-method> <!-- setup -->
        <test-method signature="callsClickTest()[pri:7, instance:com.test.freecrm.qa.testcases.HomePageTestCases@2898ac89]" started-at="2020-12-04T22:41:56Z" name="callsClickTest" finished-at="2020-12-04T22:41:57Z" duration-ms="1288" status="PASS">
          <reporter-output>
          </reporter-output>
        </test-method> <!-- callsClickTest -->
        <test-method is-config="true" signature="tearDown()[pri:0, instance:com.test.freecrm.qa.testcases.HomePageTestCases@2898ac89]" started-at="2020-12-04T22:41:57Z" name="tearDown" finished-at="2020-12-04T22:41:58Z" duration-ms="658" status="PASS">
          <reporter-output>
          </reporter-output>
        </test-method> <!-- tearDown -->
        <test-method is-config="true" signature="setup()[pri:0, instance:com.test.freecrm.qa.testcases.HomePageTestCases@2898ac89]" started-at="2020-12-04T22:43:09Z" name="setup" finished-at="2020-12-04T22:43:23Z" duration-ms="13837" status="PASS">
          <reporter-output>
          </reporter-output>
        </test-method> <!-- setup -->
        <test-method signature="documentsClickTest()[pri:8, instance:com.test.freecrm.qa.testcases.HomePageTestCases@2898ac89]" started-at="2020-12-04T22:43:23Z" name="documentsClickTest" finished-at="2020-12-04T22:43:24Z" duration-ms="1356" status="PASS">
          <reporter-output>
          </reporter-output>
        </test-method> <!-- documentsClickTest -->
        <test-method is-config="true" signature="tearDown()[pri:0, instance:com.test.freecrm.qa.testcases.HomePageTestCases@2898ac89]" started-at="2020-12-04T22:43:24Z" name="tearDown" finished-at="2020-12-04T22:43:25Z" duration-ms="679" status="PASS">
          <reporter-output>
          </reporter-output>
        </test-method> <!-- tearDown -->
        <test-method is-config="true" signature="setup()[pri:0, instance:com.test.freecrm.qa.testcases.HomePageTestCases@2898ac89]" started-at="2020-12-04T22:44:46Z" name="setup" finished-at="2020-12-04T22:44:59Z" duration-ms="12262" status="PASS">
          <reporter-output>
          </reporter-output>
        </test-method> <!-- setup -->
        <test-method signature="EmailClickTest()[pri:9, instance:com.test.freecrm.qa.testcases.HomePageTestCases@2898ac89]" started-at="2020-12-04T22:44:59Z" name="EmailClickTest" finished-at="2020-12-04T22:45:00Z" duration-ms="1349" status="PASS">
          <reporter-output>
          </reporter-output>
        </test-method> <!-- EmailClickTest -->
        <test-method is-config="true" signature="tearDown()[pri:0, instance:com.test.freecrm.qa.testcases.HomePageTestCases@2898ac89]" started-at="2020-12-04T22:45:00Z" name="tearDown" finished-at="2020-12-04T22:45:01Z" duration-ms="720" status="PASS">
          <reporter-output>
          </reporter-output>
        </test-method> <!-- tearDown -->
        <test-method is-config="true" signature="setup()[pri:0, instance:com.test.freecrm.qa.testcases.HomePageTestCases@2898ac89]" started-at="2020-12-04T22:45:29Z" name="setup" finished-at="2020-12-04T22:45:46Z" duration-ms="17419" status="PASS">
          <reporter-output>
          </reporter-output>
        </test-method> <!-- setup -->
        <test-method signature="CampaingsClickTest()[pri:10, instance:com.test.freecrm.qa.testcases.HomePageTestCases@2898ac89]" started-at="2020-12-04T22:45:46Z" name="CampaingsClickTest" finished-at="2020-12-04T22:45:48Z" duration-ms="1455" status="PASS">
          <reporter-output>
          </reporter-output>
        </test-method> <!-- CampaingsClickTest -->
        <test-method is-config="true" signature="tearDown()[pri:0, instance:com.test.freecrm.qa.testcases.HomePageTestCases@2898ac89]" started-at="2020-12-04T22:45:48Z" name="tearDown" finished-at="2020-12-04T22:45:48Z" duration-ms="663" status="PASS">
          <reporter-output>
          </reporter-output>
        </test-method> <!-- tearDown -->
        <test-method is-config="true" signature="setup()[pri:0, instance:com.test.freecrm.qa.testcases.HomePageTestCases@2898ac89]" started-at="2020-12-04T22:45:48Z" name="setup" finished-at="2020-12-04T22:46:00Z" duration-ms="12130" status="PASS">
          <reporter-output>
          </reporter-output>
        </test-method> <!-- setup -->
        <test-method signature="FormsClickTest()[pri:11, instance:com.test.freecrm.qa.testcases.HomePageTestCases@2898ac89]" started-at="2020-12-04T22:46:00Z" name="FormsClickTest" finished-at="2020-12-04T22:46:02Z" duration-ms="1390" status="PASS">
          <reporter-output>
          </reporter-output>
        </test-method> <!-- FormsClickTest -->
        <test-method is-config="true" signature="tearDown()[pri:0, instance:com.test.freecrm.qa.testcases.HomePageTestCases@2898ac89]" started-at="2020-12-04T22:46:02Z" name="tearDown" finished-at="2020-12-04T22:46:02Z" duration-ms="665" status="PASS">
          <reporter-output>
          </reporter-output>
        </test-method> <!-- tearDown -->
      </class> <!-- com.test.freecrm.qa.testcases.HomePageTestCases -->
    </test> <!-- Free CRM App Test Cases -->
  </suite> <!-- FREE CRM Application Test Automation Test Suite -->
</testng-results>
