<?xml version="1.0" encoding="UTF-8"?>
<testng-results ignored="0" total="2" passed="2" failed="0" skipped="0">
  <reporter-output>
  </reporter-output>
  <suite started-at="2020-12-06T15:18:52Z" name="FREE CRM Application Login Page Test Automation Test Suite" finished-at="2020-12-06T15:19:18Z" duration-ms="25887">
    <groups>
    </groups>
    <test started-at="2020-12-06T15:18:52Z" name="Free CRM App Test Cases" finished-at="2020-12-06T15:19:18Z" duration-ms="25887">
      <class name="com.test.freecrm.qa.testcases.LoginPageTestCases">
        <test-method is-config="true" signature="setup()[pri:0, instance:com.test.freecrm.qa.testcases.LoginPageTestCases@445b295b]" started-at="2020-12-06T20:48:52Z" name="setup" finished-at="2020-12-06T20:49:04Z" duration-ms="12553" status="PASS">
          <reporter-output>
          </reporter-output>
        </test-method> <!-- setup -->
        <test-method signature="TitleTest()[pri:1, instance:com.test.freecrm.qa.testcases.LoginPageTestCases@445b295b]" started-at="2020-12-06T20:49:04Z" name="TitleTest" finished-at="2020-12-06T20:49:04Z" duration-ms="14" status="PASS">
          <reporter-output>
          </reporter-output>
        </test-method> <!-- TitleTest -->
        <test-method is-config="true" signature="tearDown()[pri:0, instance:com.test.freecrm.qa.testcases.LoginPageTestCases@445b295b]" started-at="2020-12-06T20:49:04Z" name="tearDown" finished-at="2020-12-06T20:49:05Z" duration-ms="685" status="PASS">
          <reporter-output>
          </reporter-output>
        </test-method> <!-- tearDown -->
        <test-method is-config="true" signature="setup()[pri:0, instance:com.test.freecrm.qa.testcases.LoginPageTestCases@445b295b]" started-at="2020-12-06T20:49:05Z" name="setup" finished-at="2020-12-06T20:49:17Z" duration-ms="11860" status="PASS">
          <reporter-output>
          </reporter-output>
        </test-method> <!-- setup -->
        <test-method signature="notificationIconIsDisplayedTest()[pri:2, instance:com.test.freecrm.qa.testcases.LoginPageTestCases@445b295b]" started-at="2020-12-06T20:49:17Z" name="notificationIconIsDisplayedTest" finished-at="2020-12-06T20:49:17Z" duration-ms="80" status="PASS">
          <reporter-output>
          </reporter-output>
        </test-method> <!-- notificationIconIsDisplayedTest -->
        <test-method is-config="true" signature="tearDown()[pri:0, instance:com.test.freecrm.qa.testcases.LoginPageTestCases@445b295b]" started-at="2020-12-06T20:49:17Z" name="tearDown" finished-at="2020-12-06T20:49:18Z" duration-ms="676" status="PASS">
          <reporter-output>
          </reporter-output>
        </test-method> <!-- tearDown -->
      </class> <!-- com.test.freecrm.qa.testcases.LoginPageTestCases -->
    </test> <!-- Free CRM App Test Cases -->
  </suite> <!-- FREE CRM Application Login Page Test Automation Test Suite -->
</testng-results>
