<?xml version="1.0" encoding="UTF-8"?>
<!-- Generated by org.testng.reporters.JUnitXMLReporter -->
<testsuite ignored="0" hostname="6KPDQ13-PC" failures="0" tests="33" name="Free CRM App Test Cases" time="681.269" errors="0" timestamp="06 Dec 2020 09:56:19 GMT">
  <testcase classname="com.test.freecrm.qa.testcases.LoginPageTestCases" name="TitleTest" time="0.011"/>
  <testcase classname="com.test.freecrm.qa.testcases.HomePageTestCases" name="validateTitleTest" time="0.007"/>
  <testcase classname="com.test.freecrm.qa.testcases.ContactPageTestCases" name="contactsLabelDisplayed" time="0.072"/>
  <testcase classname="com.test.freecrm.qa.testcases.LoginPageTestCases" name="notificationIconIsDisplayedTest" time="0.044"/>
  <testcase classname="com.test.freecrm.qa.testcases.HomePageTestCases" name="validateUserProfileTest" time="1.602"/>
  <testcase classname="com.test.freecrm.qa.testcases.ContactPageTestCases" name="selectCheckBoxTest" time="1.753"/>
  <testcase classname="com.test.freecrm.qa.testcases.LoginPageTestCases" name="forgotPasswordTest" time="2.263"/>
  <testcase classname="com.test.freecrm.qa.testcases.HomePageTestCases" name="calendarClickTest" time="2.303"/>
  <testcase classname="com.test.freecrm.qa.testcases.HomePageTestCases" name="contactClickTest" time="2.114"/>
  <testcase classname="com.test.freecrm.qa.testcases.ContactPageTestCases" name="selectCheckBoxTest2" time="1.007"/>
  <testcase classname="com.test.freecrm.qa.testcases.LoginPageTestCases" name="classicCRMTest" time="5.599"/>
  <testcase classname="com.test.freecrm.qa.testcases.HomePageTestCases" name="companiesClickTest" time="2.33"/>
  <testcase classname="com.test.freecrm.qa.testcases.ContactPageTestCases" name="selectMultipleCheckBoxTest" time="1.132"/>
  <testcase classname="com.test.freecrm.qa.testcases.LoginPageTestCases" name="signUpTest" time="5.511"/>
  <testcase classname="com.test.freecrm.qa.testcases.HomePageTestCases" name="TaskClickTest" time="1.653"/>
  <testcase classname="com.test.freecrm.qa.testcases.HomePageTestCases" name="dealClickTest" time="1.832"/>
  <testcase classname="com.test.freecrm.qa.testcases.ContactPageTestCases" name="clickCreateNewContact" time="4.594"/>
  <testcase classname="com.test.freecrm.qa.testcases.LoginPageTestCases" name="loginTest" time="0.943"/>
  <testcase classname="com.test.freecrm.qa.testcases.HomePageTestCases" name="caseClickTest" time="1.577"/>
  <testcase classname="com.test.freecrm.qa.testcases.ContactPageTestCases" name="createSingleContactTest" time="16.308"/>
  <testcase classname="com.test.freecrm.qa.testcases.HomePageTestCases" name="callsClickTest" time="2.464"/>
  <testcase classname="com.test.freecrm.qa.testcases.ContactPageTestCases" name="createMultipleNewUser" time="19.475"/>
  <testcase classname="com.test.freecrm.qa.testcases.ContactPageTestCases" name="createMultipleNewUser" time="17.156"/>
  <testcase classname="com.test.freecrm.qa.testcases.ContactPageTestCases" name="createMultipleNewUser" time="15.66"/>
  <testcase classname="com.test.freecrm.qa.testcases.HomePageTestCases" name="documentsClickTest" time="2.43"/>
  <testcase classname="com.test.freecrm.qa.testcases.ContactPageTestCases" name="deleteMultipleContactTest" time="13.917"/>
  <testcase classname="com.test.freecrm.qa.testcases.ContactPageTestCases" name="deleteMultipleContactTest" time="13.41"/>
  <testcase classname="com.test.freecrm.qa.testcases.ContactPageTestCases" name="deleteMultipleContactTest" time="13.193"/>
  <testcase classname="com.test.freecrm.qa.testcases.HomePageTestCases" name="EmailClickTest" time="1.635"/>
  <testcase classname="com.test.freecrm.qa.testcases.ContactPageTestCases" name="deleteSingleContact" time="13.221"/>
  <testcase classname="com.test.freecrm.qa.testcases.HomePageTestCases" name="CampaingsClickTest" time="2.255"/>
  <testcase classname="com.test.freecrm.qa.testcases.HomePageTestCases" name="FormsClickTest" time="1.674"/>
  <testcase classname="com.test.freecrm.qa.testcases.HomePageTestCases" name="searchBoxTest" time="0.0">
    <skipped/>
  </testcase> <!-- searchBoxTest -->
</testsuite> <!-- Free CRM App Test Cases -->
